./Makefile:36: illegal token in column 40, giving up (hint: fix the file or remove it from the working set)
./Makefile:36: INFO:C-A3
./include/202.h:1: MINOR:C-O4
./include/202.h:14: MAJOR:C-F6
./include/202.h:29: MAJOR:C-F6
./include/202.h:30: INFO:C-A3
./repos/B-DOP-200-COT-2-1-chocolatine-aurel.atioukpe/.git/config:12: illegal token in column 21, giving up (hint: fix the file or remove it from the working set)
./repos/B-DOP-200-COT-2-1-chocolatine-aurel.atioukpe/.git/hooks/update.sample:129: illegal token in column 11, giving up (hint: fix the file or remove it from the working set)
./repos/B-DOP-200-COT-2-1-chocolatine-brouhane.boni-gomina/.git/config:12: illegal token in column 21, giving up (hint: fix the file or remove it from the working set)
./repos/B-DOP-200-COT-2-1-chocolatine-brouhane.boni-gomina/.git/hooks/update.sample:129: illegal token in column 11, giving up (hint: fix the file or remove it from the working set)
./repos/B-DOP-200-COT-2-1-chocolatine-brouhane.boni-gomina/Makefile:8: MINOR:C-G7
./repos/B-DOP-200-COT-2-1-chocolatine-brouhane.boni-gomina/Makefile:34: illegal token in column 22, giving up (hint: fix the file or remove it from the working set)
./repos/B-DOP-200-COT-2-1-chocolatine-brouhane.boni-gomina/hello:1: MAJOR:C-O1
./repos/B-DOP-200-COT-2-1-chocolatine-brouhane.boni-gomina/test.c:9: MINOR:C-F2
./repos/B-DOP-200-COT-2-1-chocolatine-christian.abiala/.git/config:12: illegal token in column 21, giving up (hint: fix the file or remove it from the working set)
./repos/B-DOP-200-COT-2-1-chocolatine-christian.abiala/.git/hooks/update.sample:129: illegal token in column 11, giving up (hint: fix the file or remove it from the working set)
./repos/B-DOP-200-COT-2-1-chocolatine-christian.abiala/Makefile:95: illegal token in column 26, giving up (hint: fix the file or remove it from the working set)
./repos/B-DOP-200-COT-2-1-chocolatine-christian.abiala/include/my.h:45: MINOR:C-V3
./repos/B-DOP-200-COT-2-1-chocolatine-christian.abiala/include/my.h:70: MINOR:C-G8
./repos/B-DOP-200-COT-2-1-chocolatine-christian.abiala/src/check_args.c:1: MINOR:C-G1
./repos/B-DOP-200-COT-2-1-chocolatine-christian.abiala/src/main.c:1: MINOR:C-G1
./repos/B-DOP-200-COT-2-1-chocolatine-christian.abiala/src/my_putchar.c:30: INFO:C-A3
./repos/B-DOP-200-COT-2-1-chocolatine-christian.abiala/tests/check_args_test.c:1: MINOR:C-G1
./repos/B-DOP-200-COT-2-1-chocolatine-christian.abiala/tests/check_args_test.c:6: MAJOR:C-H1
./repos/B-DOP-200-COT-2-1-chocolatine-christian.abiala/tests/check_args_test.c:8: MINOR:C-F2
./repos/B-DOP-200-COT-2-1-chocolatine-christian.abiala/tests/check_args_test.c:8: MAJOR:C-F6
./repos/B-DOP-200-COT-2-1-chocolatine-christian.abiala/tests/check_args_test.c:17: MINOR:C-F2
./repos/B-DOP-200-COT-2-1-chocolatine-christian.abiala/tests/check_args_test.c:17: MAJOR:C-F6
./repos/B-DOP-200-COT-2-1-chocolatine-christian.abiala/tests/my_get_nbr_test.c:1: MINOR:C-G1
./repos/B-DOP-200-COT-2-1-chocolatine-christian.abiala/tests/my_get_nbr_test.c:4: MINOR:C-F2
./repos/B-DOP-200-COT-2-1-chocolatine-christian.abiala/tests/my_get_nbr_test.c:4: MINOR:C-L3
./repos/B-DOP-200-COT-2-1-chocolatine-christian.abiala/tests/my_get_nbr_test.c:9: MINOR:C-F2
./repos/B-DOP-200-COT-2-1-chocolatine-christian.abiala/tests/my_get_nbr_test.c:17: MINOR:C-F2
./repos/B-DOP-200-COT-2-1-chocolatine-christian.abiala/tests/my_get_nbr_test.c:25: MINOR:C-F2
./repos/B-DOP-200-COT-2-1-chocolatine-christian.abiala/tests/my_get_nbr_test.c:33: MINOR:C-F2
./repos/B-DOP-200-COT-2-1-chocolatine-christian.abiala/tests/my_get_nbr_test.c:41: MINOR:C-F2
./repos/B-DOP-200-COT-2-1-chocolatine-christian.abiala/tests/my_get_nbr_test.c:41: MAJOR:C-O3
./repos/B-DOP-200-COT-2-1-chocolatine-christian.abiala/tests/my_get_nbr_test.c:49: MINOR:C-F2
./repos/B-DOP-200-COT-2-1-chocolatine-christian.abiala/tests/my_get_nbr_test.c:49: MAJOR:C-O3
./repos/B-DOP-200-COT-2-1-chocolatine-christian.abiala/tests/my_putchar_tests.c:1: MINOR:C-G1
./repos/B-DOP-200-COT-2-1-chocolatine-christian.abiala/tests/my_putchar_tests.c:4: MINOR:C-F2
./repos/B-DOP-200-COT-2-1-chocolatine-christian.abiala/tests/my_putstr_tests.c:1: MINOR:C-G1
./repos/B-DOP-200-COT-2-1-chocolatine-christian.abiala/tests/my_putstr_tests.c:6: MAJOR:C-H1
./repos/B-DOP-200-COT-2-1-chocolatine-christian.abiala/tests/my_putstr_tests.c:8: MINOR:C-F2
./repos/B-DOP-200-COT-2-1-chocolatine-christian.abiala/tests/my_strlen_tests.c:1: MINOR:C-G1
./repos/B-DOP-200-COT-2-1-chocolatine-christian.abiala/tests/my_strlen_tests.c:4: MINOR:C-F2
./repos/B-DOP-200-COT-2-1-chocolatine-christian.abiala/tests/my_strlen_tests.c:9: MINOR:C-F2
./repos/B-DOP-200-COT-2-1-chocolatine-christian.abiala/tests/my_strlen_tests.c:14: MINOR:C-F2
./repos/B-DOP-200-COT-2-1-chocolatine-christian.abiala/tests/print_error_message_tests.c:1: MINOR:C-G1
./repos/B-DOP-200-COT-2-1-chocolatine-christian.abiala/tests/print_error_message_tests.c:7: MAJOR:C-H1
./repos/B-DOP-200-COT-2-1-chocolatine-christian.abiala/tests/print_error_message_tests.c:9: MINOR:C-F2
./repos/B-DOP-200-COT-2-1-chocolatine-christian.abiala/tests/print_error_message_tests.c:9: MAJOR:C-F3
./repos/B-DOP-200-COT-2-1-chocolatine-christian.abiala/tests/print_error_message_tests.c:9: MAJOR:C-F6
./repos/B-DOP-200-COT-2-1-chocolatine-crastus.loko/.git/config:12: illegal token in column 21, giving up (hint: fix the file or remove it from the working set)
./repos/B-DOP-200-COT-2-1-chocolatine-crastus.loko/.git/hooks/update.sample:129: illegal token in column 11, giving up (hint: fix the file or remove it from the working set)
./repos/B-DOP-200-COT-2-1-chocolatine-germain.dandji/.git/config:12: illegal token in column 21, giving up (hint: fix the file or remove it from the working set)
./repos/B-DOP-200-COT-2-1-chocolatine-germain.dandji/.git/hooks/update.sample:129: illegal token in column 11, giving up (hint: fix the file or remove it from the working set)
./repos/B-DOP-200-COT-2-1-chocolatine-germain.dandji/Makefile:44: illegal token in column 20, giving up (hint: fix the file or remove it from the working set)
./repos/B-DOP-200-COT-2-1-chocolatine-germain.dandji/main.c:14: MAJOR:C-H1
./repos/B-DOP-200-COT-2-1-chocolatine-germain.dandji/main.c:15: MAJOR:C-H1
./repos/B-DOP-200-COT-2-1-chocolatine-germain.dandji/main.c:17: MINOR:C-F2
./repos/B-DOP-200-COT-2-1-chocolatine-germain.dandji/main.c:30: MINOR:C-F2
./repos/B-DOP-200-COT-2-1-chocolatine-germain.dandji/my_107transfer.c:1: MINOR:C-G1
./repos/B-DOP-200-COT-2-1-chocolatine-germain.dandji/tests/unit_test.c:10: MINOR:C-F2
./repos/B-DOP-200-COT-2-1-chocolatine-germain.dandji/tests/unit_test.c:13: MINOR:C-L6
./repos/B-DOP-200-COT-2-1-chocolatine-germain.dandji/tests/unit_test.c:15: MINOR:C-F2
./repos/B-DOP-200-COT-2-1-chocolatine-germain.dandji/tests/unit_test.c:15: MINOR:C-G2
./repos/B-DOP-200-COT-2-1-chocolatine-germain.dandji/tests/unit_test.c:19: MINOR:C-L6
./repos/B-DOP-200-COT-2-1-chocolatine-hermes.agani/.git/config:12: illegal token in column 21, giving up (hint: fix the file or remove it from the working set)
./repos/B-DOP-200-COT-2-1-chocolatine-hermes.agani/.git/hooks/update.sample:129: illegal token in column 11, giving up (hint: fix the file or remove it from the working set)
./repos/B-DOP-200-COT-2-1-chocolatine-james.gbetchedji/.git/config:12: illegal token in column 21, giving up (hint: fix the file or remove it from the working set)
./repos/B-DOP-200-COT-2-1-chocolatine-james.gbetchedji/.git/hooks/update.sample:129: illegal token in column 11, giving up (hint: fix the file or remove it from the working set)
./repos/B-DOP-200-COT-2-1-chocolatine-james.gbetchedji/src/transfer.c:33: MAJOR:C-C1
./repos/B-DOP-200-COT-2-1-chocolatine-james.gbetchedji/src/transfer.c:33: MAJOR:C-F3
./repos/B-DOP-200-COT-2-1-chocolatine-james.gbetchedji/src/transfer.c:37: MAJOR:C-C1
./repos/B-DOP-200-COT-2-1-chocolatine-james.gbetchedji/src/transfer.c:39: MAJOR:C-C1
./repos/B-DOP-200-COT-2-1-chocolatine-james.gbetchedji/src/transfer.c:40: MAJOR:C-C1
./repos/B-DOP-200-COT-2-1-chocolatine-james.gbetchedji/src/transfer.c:42: MAJOR:C-F4
./repos/B-DOP-200-COT-2-1-chocolatine-james.gbetchedji/src/transfer.c:43: MAJOR:C-C1
./repos/B-DOP-200-COT-2-1-chocolatine-james.gbetchedji/src/transfer.c:43: MAJOR:C-F4
./repos/B-DOP-200-COT-2-1-chocolatine-james.gbetchedji/src/transfer.c:44: MAJOR:C-F4
./repos/B-DOP-200-COT-2-1-chocolatine-james.gbetchedji/src/transfer.c:45: MAJOR:C-F4
./repos/B-DOP-200-COT-2-1-chocolatine-james.gbetchedji/src/transfer.c:46: MAJOR:C-F4
./repos/B-DOP-200-COT-2-1-chocolatine-james.gbetchedji/src/transfer.c:47: MAJOR:C-F4
./repos/B-DOP-200-COT-2-1-chocolatine-james.gbetchedji/src/transfer.c:97: MAJOR:C-O3
./repos/B-DOP-200-COT-2-1-chocolatine-james.gbetchedji/tests/test01.c:1: MINOR:C-G1
./repos/B-DOP-200-COT-2-1-chocolatine-james.gbetchedji/tests/test01.c:1: MINOR:C-G6
./repos/B-DOP-200-COT-2-1-chocolatine-james.gbetchedji/tests/test01.c:2: MINOR:C-G6
./repos/B-DOP-200-COT-2-1-chocolatine-james.gbetchedji/tests/test01.c:3: MINOR:C-G6
./repos/B-DOP-200-COT-2-1-chocolatine-james.gbetchedji/tests/test01.c:4: MINOR:C-G6
./repos/B-DOP-200-COT-2-1-chocolatine-james.gbetchedji/tests/test01.c:5: MINOR:C-G6
./repos/B-DOP-200-COT-2-1-chocolatine-james.gbetchedji/tests/test01.c:6: MINOR:C-G6
./repos/B-DOP-200-COT-2-1-chocolatine-james.gbetchedji/tests/test01.c:7: MAJOR:C-F6
./repos/B-DOP-200-COT-2-1-chocolatine-james.gbetchedji/tests/test01.c:7: MINOR:C-G6
./repos/B-DOP-200-COT-2-1-chocolatine-james.gbetchedji/tests/test01.c:7: MINOR:C-L4
./repos/B-DOP-200-COT-2-1-chocolatine-james.gbetchedji/tests/test01.c:8: MINOR:C-G6
./repos/B-DOP-200-COT-2-1-chocolatine-james.gbetchedji/tests/test01.c:9: MINOR:C-G6
./repos/B-DOP-200-COT-2-1-chocolatine-james.gbetchedji/tests/test01.c:9: MINOR:C-L4
./repos/B-DOP-200-COT-2-1-chocolatine-james.gbetchedji/tests/test01.c:10: MINOR:C-G6
./repos/B-DOP-200-COT-2-1-chocolatine-james.gbetchedji/tests/test01.c:11: MINOR:C-F2
./repos/B-DOP-200-COT-2-1-chocolatine-james.gbetchedji/tests/test01.c:11: MINOR:C-G2
./repos/B-DOP-200-COT-2-1-chocolatine-james.gbetchedji/tests/test01.c:11: MINOR:C-G6
./repos/B-DOP-200-COT-2-1-chocolatine-james.gbetchedji/tests/test01.c:11: MINOR:C-L4
./repos/B-DOP-200-COT-2-1-chocolatine-james.gbetchedji/tests/test01.c:12: MINOR:C-G6
./repos/B-DOP-200-COT-2-1-chocolatine-james.gbetchedji/tests/test01.c:13: MINOR:C-G6
./repos/B-DOP-200-COT-2-1-chocolatine-james.gbetchedji/tests/test01.c:13: MINOR:C-V3
./repos/B-DOP-200-COT-2-1-chocolatine-james.gbetchedji/tests/test01.c:14: MINOR:C-G6
./repos/B-DOP-200-COT-2-1-chocolatine-james.gbetchedji/tests/test01.c:15: MINOR:C-G6
./repos/B-DOP-200-COT-2-1-chocolatine-james.gbetchedji/tests/test01.c:16: MINOR:C-G6
./repos/B-DOP-200-COT-2-1-chocolatine-james.gbetchedji/tests/test01.c:16: MINOR:C-L6
./repos/B-DOP-200-COT-2-1-chocolatine-james.gbetchedji/tests/test01.c:17: MINOR:C-G6
./repos/B-DOP-200-COT-2-1-chocolatine-james.gbetchedji/tests/test01.c:17: MINOR:C-L4
./repos/B-DOP-200-COT-2-1-chocolatine-james.gbetchedji/tests/test01.c:18: MINOR:C-G6
./repos/B-DOP-200-COT-2-1-chocolatine-james.gbetchedji/tests/test01.c:19: MINOR:C-F2
./repos/B-DOP-200-COT-2-1-chocolatine-james.gbetchedji/tests/test01.c:19: MINOR:C-G2
./repos/B-DOP-200-COT-2-1-chocolatine-james.gbetchedji/tests/test01.c:19: MINOR:C-G6
./repos/B-DOP-200-COT-2-1-chocolatine-james.gbetchedji/tests/test01.c:19: MINOR:C-L4
./repos/B-DOP-200-COT-2-1-chocolatine-james.gbetchedji/tests/test01.c:20: MINOR:C-G6
./repos/B-DOP-200-COT-2-1-chocolatine-james.gbetchedji/tests/test01.c:21: MINOR:C-G6
./repos/B-DOP-200-COT-2-1-chocolatine-james.gbetchedji/tests/test01.c:21: MINOR:C-V3
./repos/B-DOP-200-COT-2-1-chocolatine-james.gbetchedji/tests/test01.c:22: MINOR:C-G6
./repos/B-DOP-200-COT-2-1-chocolatine-james.gbetchedji/tests/test01.c:23: MINOR:C-G6
./repos/B-DOP-200-COT-2-1-chocolatine-james.gbetchedji/tests/test01.c:24: MINOR:C-G6
./repos/B-DOP-200-COT-2-1-chocolatine-james.gbetchedji/tests/test01.c:24: MINOR:C-L6
./repos/B-DOP-200-COT-2-1-chocolatine-james.gbetchedji/tests/test01.c:25: MINOR:C-G6
./repos/B-DOP-200-COT-2-1-chocolatine-james.gbetchedji/tests/test01.c:25: MINOR:C-L4
./repos/B-DOP-200-COT-2-1-chocolatine-james.gbetchedji/tests/test01.c:26: MINOR:C-G6
./repos/B-DOP-200-COT-2-1-chocolatine-james.gbetchedji/tests/test01.c:27: MINOR:C-F2
./repos/B-DOP-200-COT-2-1-chocolatine-james.gbetchedji/tests/test01.c:27: MINOR:C-G2
./repos/B-DOP-200-COT-2-1-chocolatine-james.gbetchedji/tests/test01.c:27: MINOR:C-G6
./repos/B-DOP-200-COT-2-1-chocolatine-james.gbetchedji/tests/test01.c:27: MINOR:C-L4
./repos/B-DOP-200-COT-2-1-chocolatine-james.gbetchedji/tests/test01.c:28: MINOR:C-G6
./repos/B-DOP-200-COT-2-1-chocolatine-james.gbetchedji/tests/test01.c:29: MINOR:C-G6
./repos/B-DOP-200-COT-2-1-chocolatine-james.gbetchedji/tests/test01.c:29: MINOR:C-V3
./repos/B-DOP-200-COT-2-1-chocolatine-james.gbetchedji/tests/test01.c:30: MINOR:C-G6
./repos/B-DOP-200-COT-2-1-chocolatine-james.gbetchedji/tests/test01.c:31: MINOR:C-G6
./repos/B-DOP-200-COT-2-1-chocolatine-james.gbetchedji/tests/test01.c:32: MINOR:C-G6
./repos/B-DOP-200-COT-2-1-chocolatine-james.gbetchedji/tests/test01.c:32: MINOR:C-L6
./repos/B-DOP-200-COT-2-1-chocolatine-james.gbetchedji/tests/test01.c:33: MINOR:C-G6
./repos/B-DOP-200-COT-2-1-chocolatine-james.gbetchedji/tests/test01.c:33: MINOR:C-L4
./repos/B-DOP-200-COT-2-1-chocolatine-james.gbetchedji/tests/test01.c:34: MINOR:C-G6
./repos/B-DOP-200-COT-2-1-chocolatine-james.gbetchedji/tests/test01.c:35: MINOR:C-F2
./repos/B-DOP-200-COT-2-1-chocolatine-james.gbetchedji/tests/test01.c:35: MINOR:C-G2
./repos/B-DOP-200-COT-2-1-chocolatine-james.gbetchedji/tests/test01.c:35: MINOR:C-G6
./repos/B-DOP-200-COT-2-1-chocolatine-james.gbetchedji/tests/test01.c:35: MINOR:C-L4
./repos/B-DOP-200-COT-2-1-chocolatine-james.gbetchedji/tests/test01.c:36: MINOR:C-G6
./repos/B-DOP-200-COT-2-1-chocolatine-james.gbetchedji/tests/test01.c:37: MINOR:C-G6
./repos/B-DOP-200-COT-2-1-chocolatine-james.gbetchedji/tests/test01.c:37: MINOR:C-V3
./repos/B-DOP-200-COT-2-1-chocolatine-james.gbetchedji/tests/test01.c:38: MINOR:C-G6
./repos/B-DOP-200-COT-2-1-chocolatine-james.gbetchedji/tests/test01.c:39: MINOR:C-G6
./repos/B-DOP-200-COT-2-1-chocolatine-james.gbetchedji/tests/test01.c:40: MINOR:C-G6
./repos/B-DOP-200-COT-2-1-chocolatine-james.gbetchedji/tests/test01.c:40: MINOR:C-L6
./repos/B-DOP-200-COT-2-1-chocolatine-james.gbetchedji/tests/test01.c:41: MINOR:C-G6
./repos/B-DOP-200-COT-2-1-chocolatine-james.gbetchedji/tests/test01.c:41: MINOR:C-L4
./repos/B-DOP-200-COT-2-1-chocolatine-james.gbetchedji/tests/test01.c:42: MINOR:C-G6
./repos/B-DOP-200-COT-2-1-chocolatine-james.gbetchedji/tests/test01.c:43: MINOR:C-F2
./repos/B-DOP-200-COT-2-1-chocolatine-james.gbetchedji/tests/test01.c:43: MINOR:C-G2
./repos/B-DOP-200-COT-2-1-chocolatine-james.gbetchedji/tests/test01.c:43: MINOR:C-G6
./repos/B-DOP-200-COT-2-1-chocolatine-james.gbetchedji/tests/test01.c:43: MINOR:C-L4
./repos/B-DOP-200-COT-2-1-chocolatine-james.gbetchedji/tests/test01.c:43: MAJOR:C-O3
./repos/B-DOP-200-COT-2-1-chocolatine-james.gbetchedji/tests/test01.c:44: MINOR:C-G6
./repos/B-DOP-200-COT-2-1-chocolatine-james.gbetchedji/tests/test01.c:45: MAJOR:C-F3
./repos/B-DOP-200-COT-2-1-chocolatine-james.gbetchedji/tests/test01.c:45: MINOR:C-G6
./repos/B-DOP-200-COT-2-1-chocolatine-james.gbetchedji/tests/test01.c:45: MINOR:C-V3
./repos/B-DOP-200-COT-2-1-chocolatine-james.gbetchedji/tests/test01.c:46: MINOR:C-G6
./repos/B-DOP-200-COT-2-1-chocolatine-james.gbetchedji/tests/test01.c:47: MINOR:C-G6
./repos/B-DOP-200-COT-2-1-chocolatine-james.gbetchedji/tests/test01.c:48: MINOR:C-G6
./repos/B-DOP-200-COT-2-1-chocolatine-james.gbetchedji/tests/test01.c:48: MINOR:C-L6
./repos/B-DOP-200-COT-2-1-chocolatine-james.gbetchedji/tests/test01.c:49: MINOR:C-G6
./repos/B-DOP-200-COT-2-1-chocolatine-james.gbetchedji/tests/test01.c:49: MINOR:C-L4
./repos/B-DOP-200-COT-2-1-chocolatine-james.gbetchedji/tests/test01.c:50: MINOR:C-G6
./repos/B-DOP-200-COT-2-1-chocolatine-james.gbetchedji/tests/test01.c:51: MINOR:C-F2
./repos/B-DOP-200-COT-2-1-chocolatine-james.gbetchedji/tests/test01.c:51: MINOR:C-G2
./repos/B-DOP-200-COT-2-1-chocolatine-james.gbetchedji/tests/test01.c:51: MINOR:C-G6
./repos/B-DOP-200-COT-2-1-chocolatine-james.gbetchedji/tests/test01.c:51: MINOR:C-L4
./repos/B-DOP-200-COT-2-1-chocolatine-james.gbetchedji/tests/test01.c:51: MAJOR:C-O3
./repos/B-DOP-200-COT-2-1-chocolatine-james.gbetchedji/tests/test01.c:52: MINOR:C-G6
./repos/B-DOP-200-COT-2-1-chocolatine-james.gbetchedji/tests/test01.c:53: MINOR:C-G6
./repos/B-DOP-200-COT-2-1-chocolatine-james.gbetchedji/tests/test01.c:53: MINOR:C-V3
./repos/B-DOP-200-COT-2-1-chocolatine-james.gbetchedji/tests/test01.c:54: MINOR:C-G6
./repos/B-DOP-200-COT-2-1-chocolatine-james.gbetchedji/tests/test01.c:55: MINOR:C-G6
./repos/B-DOP-200-COT-2-1-chocolatine-james.gbetchedji/tests/test01.c:56: MINOR:C-G6
./repos/B-DOP-200-COT-2-1-chocolatine-james.gbetchedji/tests/test01.c:56: MINOR:C-L6
./repos/B-DOP-200-COT-2-1-chocolatine-james.gbetchedji/tests/test01.c:57: MINOR:C-G6
./repos/B-DOP-200-COT-2-1-chocolatine-james.gbetchedji/tests/test01.c:57: MINOR:C-L4
./repos/B-DOP-200-COT-2-1-chocolatine-james.gbetchedji/tests/test01.c:58: MINOR:C-G6
./repos/B-DOP-200-COT-2-1-chocolatine-james.gbetchedji/tests/test01.c:59: MINOR:C-F2
./repos/B-DOP-200-COT-2-1-chocolatine-james.gbetchedji/tests/test01.c:59: MINOR:C-G2
./repos/B-DOP-200-COT-2-1-chocolatine-james.gbetchedji/tests/test01.c:59: MINOR:C-G6
./repos/B-DOP-200-COT-2-1-chocolatine-james.gbetchedji/tests/test01.c:59: MINOR:C-L4
./repos/B-DOP-200-COT-2-1-chocolatine-james.gbetchedji/tests/test01.c:59: MAJOR:C-O3
./repos/B-DOP-200-COT-2-1-chocolatine-james.gbetchedji/tests/test01.c:60: MINOR:C-G6
./repos/B-DOP-200-COT-2-1-chocolatine-james.gbetchedji/tests/test01.c:61: MINOR:C-G6
./repos/B-DOP-200-COT-2-1-chocolatine-james.gbetchedji/tests/test01.c:61: MINOR:C-V3
./repos/B-DOP-200-COT-2-1-chocolatine-james.gbetchedji/tests/test01.c:62: MINOR:C-G6
./repos/B-DOP-200-COT-2-1-chocolatine-james.gbetchedji/tests/test01.c:63: MINOR:C-G6
./repos/B-DOP-200-COT-2-1-chocolatine-james.gbetchedji/tests/test01.c:64: MINOR:C-G6
./repos/B-DOP-200-COT-2-1-chocolatine-james.gbetchedji/tests/test01.c:64: MINOR:C-L6
./repos/B-DOP-200-COT-2-1-chocolatine-james.gbetchedji/tests/test01.c:65: MINOR:C-G6
./repos/B-DOP-200-COT-2-1-chocolatine-james.gbetchedji/tests/test01.c:65: MINOR:C-L4
./repos/B-DOP-200-COT-2-1-chocolatine-james.gbetchedji/tests/test01.c:66: MINOR:C-G6
./repos/B-DOP-200-COT-2-1-chocolatine-james.gbetchedji/tests/test01.c:67: MINOR:C-F2
./repos/B-DOP-200-COT-2-1-chocolatine-james.gbetchedji/tests/test01.c:67: MINOR:C-G2
./repos/B-DOP-200-COT-2-1-chocolatine-james.gbetchedji/tests/test01.c:67: MINOR:C-G6
./repos/B-DOP-200-COT-2-1-chocolatine-james.gbetchedji/tests/test01.c:67: MINOR:C-L4
./repos/B-DOP-200-COT-2-1-chocolatine-james.gbetchedji/tests/test01.c:67: MAJOR:C-O3
./repos/B-DOP-200-COT-2-1-chocolatine-james.gbetchedji/tests/test01.c:68: MINOR:C-G6
./repos/B-DOP-200-COT-2-1-chocolatine-james.gbetchedji/tests/test01.c:69: MINOR:C-G6
./repos/B-DOP-200-COT-2-1-chocolatine-james.gbetchedji/tests/test01.c:70: MINOR:C-G6
./repos/B-DOP-200-COT-2-1-chocolatine-james.gbetchedji/tests/test01.c:71: MINOR:C-G6
./repos/B-DOP-200-COT-2-1-chocolatine-james.gbetchedji/tests/test01.c:71: MINOR:C-L6
./repos/B-DOP-200-COT-2-1-chocolatine-james.gbetchedji/tests/test01.c:72: MINOR:C-G6
./repos/B-DOP-200-COT-2-1-chocolatine-james.gbetchedji/tests/test01.c:72: MINOR:C-L4
./repos/B-DOP-200-COT-2-1-chocolatine-james.gbetchedji/tests/test01.c:73: MINOR:C-G6
./repos/B-DOP-200-COT-2-1-chocolatine-james.gbetchedji/tests/test01.c:74: MINOR:C-F2
./repos/B-DOP-200-COT-2-1-chocolatine-james.gbetchedji/tests/test01.c:74: MINOR:C-G2
./repos/B-DOP-200-COT-2-1-chocolatine-james.gbetchedji/tests/test01.c:74: MINOR:C-G6
./repos/B-DOP-200-COT-2-1-chocolatine-james.gbetchedji/tests/test01.c:74: MINOR:C-L4
./repos/B-DOP-200-COT-2-1-chocolatine-james.gbetchedji/tests/test01.c:74: MAJOR:C-O3
./repos/B-DOP-200-COT-2-1-chocolatine-james.gbetchedji/tests/test01.c:75: MINOR:C-G6
./repos/B-DOP-200-COT-2-1-chocolatine-james.gbetchedji/tests/test01.c:76: MINOR:C-G6
./repos/B-DOP-200-COT-2-1-chocolatine-james.gbetchedji/tests/test01.c:77: MINOR:C-G6
./repos/B-DOP-200-COT-2-1-chocolatine-james.gbetchedji/tests/test01.c:78: MINOR:C-G6
./repos/B-DOP-200-COT-2-1-chocolatine-james.gbetchedji/tests/test01.c:78: MINOR:C-L6
./repos/B-DOP-200-COT-2-1-chocolatine-james.gbetchedji/tests/test01.c:79: MINOR:C-G6
./repos/B-DOP-200-COT-2-1-chocolatine-james.gbetchedji/tests/test01.c:79: MINOR:C-L4
./repos/B-DOP-200-COT-2-1-chocolatine-james.gbetchedji/tests/test01.c:80: MINOR:C-G6
./repos/B-DOP-200-COT-2-1-chocolatine-james.gbetchedji/tests/test01.c:81: MINOR:C-F2
./repos/B-DOP-200-COT-2-1-chocolatine-james.gbetchedji/tests/test01.c:81: MINOR:C-G2
./repos/B-DOP-200-COT-2-1-chocolatine-james.gbetchedji/tests/test01.c:81: MINOR:C-G6
./repos/B-DOP-200-COT-2-1-chocolatine-james.gbetchedji/tests/test01.c:81: MINOR:C-L4
./repos/B-DOP-200-COT-2-1-chocolatine-james.gbetchedji/tests/test01.c:81: MAJOR:C-O3
./repos/B-DOP-200-COT-2-1-chocolatine-james.gbetchedji/tests/test01.c:82: MINOR:C-G6
./repos/B-DOP-200-COT-2-1-chocolatine-james.gbetchedji/tests/test01.c:83: MINOR:C-G6
./repos/B-DOP-200-COT-2-1-chocolatine-james.gbetchedji/tests/test01.c:84: MINOR:C-G6
./repos/B-DOP-200-COT-2-1-chocolatine-james.gbetchedji/tests/test01.c:85: MINOR:C-G6
./repos/B-DOP-200-COT-2-1-chocolatine-james.gbetchedji/tests/test01.c:86: MINOR:C-G6
./repos/B-DOP-200-COT-2-1-chocolatine-james.gbetchedji/tests/test01.c:86: MINOR:C-L6
./repos/B-DOP-200-COT-2-1-chocolatine-james.gbetchedji/tests/test01.c:87: MINOR:C-G6
./repos/B-DOP-200-COT-2-1-chocolatine-james.gbetchedji/tests/test01.c:87: MINOR:C-L4
./repos/B-DOP-200-COT-2-1-chocolatine-james.gbetchedji/tests/test01.c:88: MINOR:C-G6
./repos/B-DOP-200-COT-2-1-chocolatine-james.gbetchedji/tests/test01.c:89: MINOR:C-F2
./repos/B-DOP-200-COT-2-1-chocolatine-james.gbetchedji/tests/test01.c:89: MINOR:C-G2
./repos/B-DOP-200-COT-2-1-chocolatine-james.gbetchedji/tests/test01.c:89: MINOR:C-G6
./repos/B-DOP-200-COT-2-1-chocolatine-james.gbetchedji/tests/test01.c:89: MINOR:C-L4
./repos/B-DOP-200-COT-2-1-chocolatine-james.gbetchedji/tests/test01.c:89: MAJOR:C-O3
./repos/B-DOP-200-COT-2-1-chocolatine-james.gbetchedji/tests/test01.c:90: MINOR:C-G6
./repos/B-DOP-200-COT-2-1-chocolatine-james.gbetchedji/tests/test01.c:91: MINOR:C-G6
./repos/B-DOP-200-COT-2-1-chocolatine-james.gbetchedji/tests/test01.c:92: MINOR:C-G6
./repos/B-DOP-200-COT-2-1-chocolatine-james.gbetchedji/tests/test01.c:93: MINOR:C-G6
./repos/B-DOP-200-COT-2-1-chocolatine-james.gbetchedji/tests/test01.c:94: MINOR:C-G6
./repos/B-DOP-200-COT-2-1-chocolatine-james.gbetchedji/tests/test01.c:94: MINOR:C-L6
./repos/B-DOP-200-COT-2-1-chocolatine-james.gbetchedji/tests/test01.c:95: MINOR:C-G6
./repos/B-DOP-200-COT-2-1-chocolatine-james.gbetchedji/tests/test01.c:95: MINOR:C-L4
./repos/B-DOP-200-COT-2-1-chocolatine-james.gbetchedji/tests/test01.c:96: MINOR:C-G6
./repos/B-DOP-200-COT-2-1-chocolatine-james.gbetchedji/tests/test01.c:97: MINOR:C-F2
./repos/B-DOP-200-COT-2-1-chocolatine-james.gbetchedji/tests/test01.c:97: MINOR:C-G2
./repos/B-DOP-200-COT-2-1-chocolatine-james.gbetchedji/tests/test01.c:97: MINOR:C-G6
./repos/B-DOP-200-COT-2-1-chocolatine-james.gbetchedji/tests/test01.c:97: MINOR:C-L4
./repos/B-DOP-200-COT-2-1-chocolatine-james.gbetchedji/tests/test01.c:97: MAJOR:C-O3
./repos/B-DOP-200-COT-2-1-chocolatine-james.gbetchedji/tests/test01.c:98: MINOR:C-G6
./repos/B-DOP-200-COT-2-1-chocolatine-james.gbetchedji/tests/test01.c:99: MINOR:C-G6
./repos/B-DOP-200-COT-2-1-chocolatine-james.gbetchedji/tests/test01.c:100: MINOR:C-G6
./repos/B-DOP-200-COT-2-1-chocolatine-james.gbetchedji/tests/test01.c:101: MINOR:C-G6
./repos/B-DOP-200-COT-2-1-chocolatine-james.gbetchedji/tests/test01.c:102: MINOR:C-G6
./repos/B-DOP-200-COT-2-1-chocolatine-james.gbetchedji/tests/test01.c:102: MINOR:C-L6
./repos/B-DOP-200-COT-2-1-chocolatine-james.gbetchedji/tests/test01.c:103: MINOR:C-G6
./repos/B-DOP-200-COT-2-1-chocolatine-james.gbetchedji/tests/test01.c:103: MINOR:C-L4
./repos/B-DOP-200-COT-2-1-chocolatine-james.gbetchedji/tests/test01.c:104: MINOR:C-G6
./repos/B-DOP-200-COT-2-1-chocolatine-james.gbetchedji/tests/test01.c:105: MINOR:C-F2
./repos/B-DOP-200-COT-2-1-chocolatine-james.gbetchedji/tests/test01.c:105: MINOR:C-G2
./repos/B-DOP-200-COT-2-1-chocolatine-james.gbetchedji/tests/test01.c:105: MINOR:C-G6
./repos/B-DOP-200-COT-2-1-chocolatine-james.gbetchedji/tests/test01.c:105: MINOR:C-L4
./repos/B-DOP-200-COT-2-1-chocolatine-james.gbetchedji/tests/test01.c:105: MAJOR:C-O3
./repos/B-DOP-200-COT-2-1-chocolatine-james.gbetchedji/tests/test01.c:106: MINOR:C-G6
./repos/B-DOP-200-COT-2-1-chocolatine-james.gbetchedji/tests/test01.c:107: MINOR:C-G6
./repos/B-DOP-200-COT-2-1-chocolatine-james.gbetchedji/tests/test01.c:108: MINOR:C-G6
./repos/B-DOP-200-COT-2-1-chocolatine-james.gbetchedji/tests/test01.c:109: MINOR:C-G6
./repos/B-DOP-200-COT-2-1-chocolatine-james.gbetchedji/tests/test01.c:110: MINOR:C-G6
./repos/B-DOP-200-COT-2-1-chocolatine-james.gbetchedji/tests/test01.c:111: MINOR:C-G6
./repos/B-DOP-200-COT-2-1-chocolatine-james.gbetchedji/tests/test01.c:112: MINOR:C-G6
./repos/B-DOP-200-COT-2-1-chocolatine-james.gbetchedji/tests/test01.c:112: MINOR:C-L6
./repos/B-DOP-200-COT-2-1-chocolatine-james.gbetchedji/tests/test01.c:113: MINOR:C-G6
./repos/B-DOP-200-COT-2-1-chocolatine-james.gbetchedji/tests/test01.c:113: MINOR:C-L4
./repos/B-DOP-200-COT-2-1-chocolatine-james.gbetchedji/tests/test01.c:114: MINOR:C-G6
./repos/B-DOP-200-COT-2-1-chocolatine-james.gbetchedji/tests/test01.c:115: MINOR:C-F2
./repos/B-DOP-200-COT-2-1-chocolatine-james.gbetchedji/tests/test01.c:115: MINOR:C-G2
./repos/B-DOP-200-COT-2-1-chocolatine-james.gbetchedji/tests/test01.c:115: MINOR:C-G6
./repos/B-DOP-200-COT-2-1-chocolatine-james.gbetchedji/tests/test01.c:115: MINOR:C-L4
./repos/B-DOP-200-COT-2-1-chocolatine-james.gbetchedji/tests/test01.c:115: MAJOR:C-O3
./repos/B-DOP-200-COT-2-1-chocolatine-james.gbetchedji/tests/test01.c:116: MINOR:C-G6
./repos/B-DOP-200-COT-2-1-chocolatine-james.gbetchedji/tests/test01.c:117: MINOR:C-G6
./repos/B-DOP-200-COT-2-1-chocolatine-james.gbetchedji/tests/test01.c:118: MINOR:C-G6
./repos/B-DOP-200-COT-2-1-chocolatine-james.gbetchedji/tests/test01.c:119: MINOR:C-G6
./repos/B-DOP-200-COT-2-1-chocolatine-james.gbetchedji/tests/test01.c:120: MINOR:C-G6
./repos/B-DOP-200-COT-2-1-chocolatine-james.gbetchedji/tests/test01.c:120: MINOR:C-L6
./repos/B-DOP-200-COT-2-1-chocolatine-james.gbetchedji/tests/test01.c:121: MINOR:C-G6
./repos/B-DOP-200-COT-2-1-chocolatine-james.gbetchedji/tests/test01.c:121: MINOR:C-L4
./repos/B-DOP-200-COT-2-1-chocolatine-james.gbetchedji/tests/test_arg.c:1: MINOR:C-G1
./repos/B-DOP-200-COT-2-1-chocolatine-james.gbetchedji/tests/test_arg.c:1: MINOR:C-G6
./repos/B-DOP-200-COT-2-1-chocolatine-james.gbetchedji/tests/test_arg.c:2: MINOR:C-G6
./repos/B-DOP-200-COT-2-1-chocolatine-james.gbetchedji/tests/test_arg.c:3: MINOR:C-G6
./repos/B-DOP-200-COT-2-1-chocolatine-james.gbetchedji/tests/test_arg.c:4: MINOR:C-G6
./repos/B-DOP-200-COT-2-1-chocolatine-james.gbetchedji/tests/test_arg.c:5: MINOR:C-G6
./repos/B-DOP-200-COT-2-1-chocolatine-james.gbetchedji/tests/test_arg.c:6: MINOR:C-F2
./repos/B-DOP-200-COT-2-1-chocolatine-james.gbetchedji/tests/test_arg.c:6: MINOR:C-G6
./repos/B-DOP-200-COT-2-1-chocolatine-james.gbetchedji/tests/test_arg.c:6: MINOR:C-L4
./repos/B-DOP-200-COT-2-1-chocolatine-james.gbetchedji/tests/test_arg.c:7: MINOR:C-G6
./repos/B-DOP-200-COT-2-1-chocolatine-james.gbetchedji/tests/test_arg.c:8: MINOR:C-G6
./repos/B-DOP-200-COT-2-1-chocolatine-james.gbetchedji/tests/test_arg.c:9: MINOR:C-G6
./repos/B-DOP-200-COT-2-1-chocolatine-james.gbetchedji/tests/test_arg.c:9: MINOR:C-L6
./repos/B-DOP-200-COT-2-1-chocolatine-james.gbetchedji/tests/test_arg.c:10: MINOR:C-G6
./repos/B-DOP-200-COT-2-1-chocolatine-james.gbetchedji/tests/test_arg.c:10: MINOR:C-L4
./repos/B-DOP-200-COT-2-1-chocolatine-james.gbetchedji/tests/test_arg.c:11: MINOR:C-G6
./repos/B-DOP-200-COT-2-1-chocolatine-james.gbetchedji/tests/test_arg.c:12: MINOR:C-F2
./repos/B-DOP-200-COT-2-1-chocolatine-james.gbetchedji/tests/test_arg.c:12: MINOR:C-G2
./repos/B-DOP-200-COT-2-1-chocolatine-james.gbetchedji/tests/test_arg.c:12: MINOR:C-G6
./repos/B-DOP-200-COT-2-1-chocolatine-james.gbetchedji/tests/test_arg.c:12: MINOR:C-L4
./repos/B-DOP-200-COT-2-1-chocolatine-james.gbetchedji/tests/test_arg.c:13: MINOR:C-G6
./repos/B-DOP-200-COT-2-1-chocolatine-james.gbetchedji/tests/test_arg.c:14: MINOR:C-G6
./repos/B-DOP-200-COT-2-1-chocolatine-james.gbetchedji/tests/test_arg.c:15: MINOR:C-G6
./repos/B-DOP-200-COT-2-1-chocolatine-james.gbetchedji/tests/test_arg.c:15: MINOR:C-L6
./repos/B-DOP-200-COT-2-1-chocolatine-james.gbetchedji/tests/test_arg.c:16: MINOR:C-G6
./repos/B-DOP-200-COT-2-1-chocolatine-james.gbetchedji/tests/test_arg.c:16: MINOR:C-L4
./repos/B-DOP-200-COT-2-1-chocolatine-james.gbetchedji/tests/test_arg.c:17: MINOR:C-G6
./repos/B-DOP-200-COT-2-1-chocolatine-james.gbetchedji/tests/test_arg.c:18: MINOR:C-F2
./repos/B-DOP-200-COT-2-1-chocolatine-james.gbetchedji/tests/test_arg.c:18: MINOR:C-G2
./repos/B-DOP-200-COT-2-1-chocolatine-james.gbetchedji/tests/test_arg.c:18: MINOR:C-G6
./repos/B-DOP-200-COT-2-1-chocolatine-james.gbetchedji/tests/test_arg.c:18: MINOR:C-L4
./repos/B-DOP-200-COT-2-1-chocolatine-james.gbetchedji/tests/test_arg.c:19: MINOR:C-G6
./repos/B-DOP-200-COT-2-1-chocolatine-james.gbetchedji/tests/test_arg.c:20: MINOR:C-G6
./repos/B-DOP-200-COT-2-1-chocolatine-james.gbetchedji/tests/test_arg.c:21: MINOR:C-G6
./repos/B-DOP-200-COT-2-1-chocolatine-james.gbetchedji/tests/test_arg.c:21: MINOR:C-L6
./repos/B-DOP-200-COT-2-1-chocolatine-james.gbetchedji/tests/test_arg.c:22: MINOR:C-G6
./repos/B-DOP-200-COT-2-1-chocolatine-james.gbetchedji/tests/test_arg.c:22: MINOR:C-L4
./repos/B-DOP-200-COT-2-1-chocolatine-james.gbetchedji/tests/test_arg.c:23: MINOR:C-G6
./repos/B-DOP-200-COT-2-1-chocolatine-james.gbetchedji/tests/test_arg.c:24: MINOR:C-F2
./repos/B-DOP-200-COT-2-1-chocolatine-james.gbetchedji/tests/test_arg.c:24: MINOR:C-G2
./repos/B-DOP-200-COT-2-1-chocolatine-james.gbetchedji/tests/test_arg.c:24: MINOR:C-G6
./repos/B-DOP-200-COT-2-1-chocolatine-james.gbetchedji/tests/test_arg.c:24: MINOR:C-L4
./repos/B-DOP-200-COT-2-1-chocolatine-james.gbetchedji/tests/test_arg.c:25: MINOR:C-G6
./repos/B-DOP-200-COT-2-1-chocolatine-james.gbetchedji/tests/test_arg.c:26: MINOR:C-G6
./repos/B-DOP-200-COT-2-1-chocolatine-james.gbetchedji/tests/test_arg.c:27: MINOR:C-G6
./repos/B-DOP-200-COT-2-1-chocolatine-james.gbetchedji/tests/test_arg.c:27: MINOR:C-L6
./repos/B-DOP-200-COT-2-1-chocolatine-james.gbetchedji/tests/test_arg.c:28: MINOR:C-G6
./repos/B-DOP-200-COT-2-1-chocolatine-james.gbetchedji/tests/test_arg.c:28: MINOR:C-L4
./repos/B-DOP-200-COT-2-1-chocolatine-james.gbetchedji/tests/test_arg.c:29: MINOR:C-G6
./repos/B-DOP-200-COT-2-1-chocolatine-james.gbetchedji/tests/test_arg.c:30: MINOR:C-F2
./repos/B-DOP-200-COT-2-1-chocolatine-james.gbetchedji/tests/test_arg.c:30: MINOR:C-G2
./repos/B-DOP-200-COT-2-1-chocolatine-james.gbetchedji/tests/test_arg.c:30: MINOR:C-G6
./repos/B-DOP-200-COT-2-1-chocolatine-james.gbetchedji/tests/test_arg.c:30: MINOR:C-L4
./repos/B-DOP-200-COT-2-1-chocolatine-james.gbetchedji/tests/test_arg.c:31: MINOR:C-G6
./repos/B-DOP-200-COT-2-1-chocolatine-james.gbetchedji/tests/test_arg.c:32: MINOR:C-G6
./repos/B-DOP-200-COT-2-1-chocolatine-james.gbetchedji/tests/test_arg.c:33: MINOR:C-G6
./repos/B-DOP-200-COT-2-1-chocolatine-james.gbetchedji/tests/test_arg.c:33: MINOR:C-L6
./repos/B-DOP-200-COT-2-1-chocolatine-james.gbetchedji/tests/test_arg.c:34: MINOR:C-G6
./repos/B-DOP-200-COT-2-1-chocolatine-james.gbetchedji/tests/test_arg.c:34: MINOR:C-L4
./repos/B-DOP-200-COT-2-1-chocolatine-james.gbetchedji/tests/test_arg.c:35: MINOR:C-G6
./repos/B-DOP-200-COT-2-1-chocolatine-james.gbetchedji/tests/test_arg.c:36: MINOR:C-F2
./repos/B-DOP-200-COT-2-1-chocolatine-james.gbetchedji/tests/test_arg.c:36: MINOR:C-G2
./repos/B-DOP-200-COT-2-1-chocolatine-james.gbetchedji/tests/test_arg.c:36: MINOR:C-G6
./repos/B-DOP-200-COT-2-1-chocolatine-james.gbetchedji/tests/test_arg.c:36: MINOR:C-L4
./repos/B-DOP-200-COT-2-1-chocolatine-james.gbetchedji/tests/test_arg.c:36: MAJOR:C-O3
./repos/B-DOP-200-COT-2-1-chocolatine-james.gbetchedji/tests/test_arg.c:37: MINOR:C-G6
./repos/B-DOP-200-COT-2-1-chocolatine-james.gbetchedji/tests/test_arg.c:38: MINOR:C-G6
./repos/B-DOP-200-COT-2-1-chocolatine-james.gbetchedji/tests/test_arg.c:39: MINOR:C-G6
./repos/B-DOP-200-COT-2-1-chocolatine-james.gbetchedji/tests/test_arg.c:39: MINOR:C-L6
./repos/B-DOP-200-COT-2-1-chocolatine-james.gbetchedji/tests/test_arg.c:40: MINOR:C-G6
./repos/B-DOP-200-COT-2-1-chocolatine-james.gbetchedji/tests/test_arg.c:40: MINOR:C-L4
./repos/B-DOP-200-COT-2-1-chocolatine-james.gbetchedji/tests/test_arg.c:41: MINOR:C-G6
./repos/B-DOP-200-COT-2-1-chocolatine-james.gbetchedji/tests/test_arg.c:42: MINOR:C-F2
./repos/B-DOP-200-COT-2-1-chocolatine-james.gbetchedji/tests/test_arg.c:42: MINOR:C-G2
./repos/B-DOP-200-COT-2-1-chocolatine-james.gbetchedji/tests/test_arg.c:42: MINOR:C-G6
./repos/B-DOP-200-COT-2-1-chocolatine-james.gbetchedji/tests/test_arg.c:42: MINOR:C-L4
./repos/B-DOP-200-COT-2-1-chocolatine-james.gbetchedji/tests/test_arg.c:42: MAJOR:C-O3
./repos/B-DOP-200-COT-2-1-chocolatine-james.gbetchedji/tests/test_arg.c:43: MINOR:C-G6
./repos/B-DOP-200-COT-2-1-chocolatine-james.gbetchedji/tests/test_arg.c:44: MINOR:C-G6
./repos/B-DOP-200-COT-2-1-chocolatine-james.gbetchedji/tests/test_arg.c:45: MINOR:C-G6
./repos/B-DOP-200-COT-2-1-chocolatine-james.gbetchedji/tests/test_arg.c:45: MINOR:C-L6
./repos/B-DOP-200-COT-2-1-chocolatine-james.gbetchedji/tests/test_arg.c:46: MINOR:C-G6
./repos/B-DOP-200-COT-2-1-chocolatine-james.gbetchedji/tests/test_arg.c:46: MINOR:C-L4
./repos/B-DOP-200-COT-2-1-chocolatine-james.gbetchedji/tests/test_arg.c:47: MINOR:C-G6
./repos/B-DOP-200-COT-2-1-chocolatine-james.gbetchedji/tests/test_arg.c:48: MINOR:C-F2
./repos/B-DOP-200-COT-2-1-chocolatine-james.gbetchedji/tests/test_arg.c:48: MINOR:C-G2
./repos/B-DOP-200-COT-2-1-chocolatine-james.gbetchedji/tests/test_arg.c:48: MINOR:C-G6
./repos/B-DOP-200-COT-2-1-chocolatine-james.gbetchedji/tests/test_arg.c:48: MINOR:C-L4
./repos/B-DOP-200-COT-2-1-chocolatine-james.gbetchedji/tests/test_arg.c:48: MAJOR:C-O3
./repos/B-DOP-200-COT-2-1-chocolatine-james.gbetchedji/tests/test_arg.c:49: MINOR:C-G6
./repos/B-DOP-200-COT-2-1-chocolatine-james.gbetchedji/tests/test_arg.c:50: MINOR:C-G6
./repos/B-DOP-200-COT-2-1-chocolatine-james.gbetchedji/tests/test_arg.c:50: MINOR:C-V3
./repos/B-DOP-200-COT-2-1-chocolatine-james.gbetchedji/tests/test_arg.c:51: MINOR:C-G6
./repos/B-DOP-200-COT-2-1-chocolatine-james.gbetchedji/tests/test_arg.c:52: MINOR:C-G6
./repos/B-DOP-200-COT-2-1-chocolatine-james.gbetchedji/tests/test_arg.c:53: MINOR:C-G6
./repos/B-DOP-200-COT-2-1-chocolatine-james.gbetchedji/tests/test_arg.c:53: MINOR:C-L6
./repos/B-DOP-200-COT-2-1-chocolatine-james.gbetchedji/tests/test_arg.c:54: MINOR:C-G6
./repos/B-DOP-200-COT-2-1-chocolatine-james.gbetchedji/tests/test_arg.c:54: MINOR:C-L4
./repos/B-DOP-200-COT-2-1-chocolatine-james.gbetchedji/tests/test_arg.c:55: MINOR:C-G6
./repos/B-DOP-200-COT-2-1-chocolatine-james.gbetchedji/tests/test_arg.c:56: MINOR:C-F2
./repos/B-DOP-200-COT-2-1-chocolatine-james.gbetchedji/tests/test_arg.c:56: MINOR:C-G2
./repos/B-DOP-200-COT-2-1-chocolatine-james.gbetchedji/tests/test_arg.c:56: MINOR:C-G6
./repos/B-DOP-200-COT-2-1-chocolatine-james.gbetchedji/tests/test_arg.c:56: MINOR:C-L4
./repos/B-DOP-200-COT-2-1-chocolatine-james.gbetchedji/tests/test_arg.c:56: MAJOR:C-O3
./repos/B-DOP-200-COT-2-1-chocolatine-james.gbetchedji/tests/test_arg.c:57: MINOR:C-G6
./repos/B-DOP-200-COT-2-1-chocolatine-james.gbetchedji/tests/test_arg.c:58: MINOR:C-G6
./repos/B-DOP-200-COT-2-1-chocolatine-james.gbetchedji/tests/test_arg.c:58: MINOR:C-V3
./repos/B-DOP-200-COT-2-1-chocolatine-james.gbetchedji/tests/test_arg.c:59: MINOR:C-G6
./repos/B-DOP-200-COT-2-1-chocolatine-james.gbetchedji/tests/test_arg.c:60: MINOR:C-G6
./repos/B-DOP-200-COT-2-1-chocolatine-james.gbetchedji/tests/test_arg.c:61: MINOR:C-G6
./repos/B-DOP-200-COT-2-1-chocolatine-james.gbetchedji/tests/test_arg.c:61: MINOR:C-L6
./repos/B-DOP-200-COT-2-1-chocolatine-james.gbetchedji/tests/test_arg.c:62: MINOR:C-G6
./repos/B-DOP-200-COT-2-1-chocolatine-james.gbetchedji/tests/test_arg.c:62: MINOR:C-L4
./repos/B-DOP-200-COT-2-1-chocolatine-james.gbetchedji/tests/test_arg.c:63: MINOR:C-G6
./repos/B-DOP-200-COT-2-1-chocolatine-james.gbetchedji/tests/test_arg.c:64: MINOR:C-F2
./repos/B-DOP-200-COT-2-1-chocolatine-james.gbetchedji/tests/test_arg.c:64: MINOR:C-G2
./repos/B-DOP-200-COT-2-1-chocolatine-james.gbetchedji/tests/test_arg.c:64: MINOR:C-G6
./repos/B-DOP-200-COT-2-1-chocolatine-james.gbetchedji/tests/test_arg.c:64: MINOR:C-L4
./repos/B-DOP-200-COT-2-1-chocolatine-james.gbetchedji/tests/test_arg.c:64: MAJOR:C-O3
./repos/B-DOP-200-COT-2-1-chocolatine-james.gbetchedji/tests/test_arg.c:65: MINOR:C-G6
./repos/B-DOP-200-COT-2-1-chocolatine-james.gbetchedji/tests/test_arg.c:66: MAJOR:C-F3
./repos/B-DOP-200-COT-2-1-chocolatine-james.gbetchedji/tests/test_arg.c:66: MINOR:C-G6
./repos/B-DOP-200-COT-2-1-chocolatine-james.gbetchedji/tests/test_arg.c:66: MINOR:C-V3
./repos/B-DOP-200-COT-2-1-chocolatine-james.gbetchedji/tests/test_arg.c:67: MINOR:C-G6
./repos/B-DOP-200-COT-2-1-chocolatine-james.gbetchedji/tests/test_arg.c:68: MINOR:C-G6
./repos/B-DOP-200-COT-2-1-chocolatine-james.gbetchedji/tests/test_arg.c:69: MINOR:C-G6
./repos/B-DOP-200-COT-2-1-chocolatine-james.gbetchedji/tests/test_arg.c:69: MINOR:C-L6
./repos/B-DOP-200-COT-2-1-chocolatine-james.gbetchedji/tests/test_arg.c:70: MINOR:C-G6
./repos/B-DOP-200-COT-2-1-chocolatine-james.gbetchedji/tests/test_arg.c:70: MINOR:C-L4
./repos/B-DOP-200-COT-2-1-chocolatine-james.gbetchedji/tests/test_arg.c:71: MINOR:C-G6
./repos/B-DOP-200-COT-2-1-chocolatine-james.gbetchedji/tests/test_arg.c:72: MINOR:C-F2
./repos/B-DOP-200-COT-2-1-chocolatine-james.gbetchedji/tests/test_arg.c:72: MINOR:C-G2
./repos/B-DOP-200-COT-2-1-chocolatine-james.gbetchedji/tests/test_arg.c:72: MINOR:C-G6
./repos/B-DOP-200-COT-2-1-chocolatine-james.gbetchedji/tests/test_arg.c:72: MINOR:C-L4
./repos/B-DOP-200-COT-2-1-chocolatine-james.gbetchedji/tests/test_arg.c:72: MAJOR:C-O3
./repos/B-DOP-200-COT-2-1-chocolatine-james.gbetchedji/tests/test_arg.c:73: MINOR:C-G6
./repos/B-DOP-200-COT-2-1-chocolatine-james.gbetchedji/tests/test_arg.c:74: MINOR:C-G6
./repos/B-DOP-200-COT-2-1-chocolatine-james.gbetchedji/tests/test_arg.c:74: MINOR:C-V3
./repos/B-DOP-200-COT-2-1-chocolatine-james.gbetchedji/tests/test_arg.c:75: MINOR:C-G6
./repos/B-DOP-200-COT-2-1-chocolatine-james.gbetchedji/tests/test_arg.c:76: MINOR:C-G6
./repos/B-DOP-200-COT-2-1-chocolatine-james.gbetchedji/tests/test_arg.c:77: MINOR:C-G6
./repos/B-DOP-200-COT-2-1-chocolatine-james.gbetchedji/tests/test_arg.c:77: MINOR:C-L6
./repos/B-DOP-200-COT-2-1-chocolatine-james.gbetchedji/tests/test_arg.c:78: MINOR:C-G6
./repos/B-DOP-200-COT-2-1-chocolatine-james.gbetchedji/tests/test_arg.c:78: MINOR:C-L4
./repos/B-DOP-200-COT-2-1-chocolatine-james.gbetchedji/tests/test_arg.c:79: MINOR:C-G6
./repos/B-DOP-200-COT-2-1-chocolatine-james.gbetchedji/tests/test_arg.c:80: MINOR:C-F2
./repos/B-DOP-200-COT-2-1-chocolatine-james.gbetchedji/tests/test_arg.c:80: MINOR:C-G2
./repos/B-DOP-200-COT-2-1-chocolatine-james.gbetchedji/tests/test_arg.c:80: MINOR:C-G6
./repos/B-DOP-200-COT-2-1-chocolatine-james.gbetchedji/tests/test_arg.c:80: MINOR:C-L4
./repos/B-DOP-200-COT-2-1-chocolatine-james.gbetchedji/tests/test_arg.c:80: MAJOR:C-O3
./repos/B-DOP-200-COT-2-1-chocolatine-james.gbetchedji/tests/test_arg.c:81: MINOR:C-G6
./repos/B-DOP-200-COT-2-1-chocolatine-james.gbetchedji/tests/test_arg.c:82: MINOR:C-G6
./repos/B-DOP-200-COT-2-1-chocolatine-james.gbetchedji/tests/test_arg.c:82: MINOR:C-V3
./repos/B-DOP-200-COT-2-1-chocolatine-james.gbetchedji/tests/test_arg.c:83: MINOR:C-G6
./repos/B-DOP-200-COT-2-1-chocolatine-james.gbetchedji/tests/test_arg.c:84: MINOR:C-G6
./repos/B-DOP-200-COT-2-1-chocolatine-james.gbetchedji/tests/test_arg.c:85: MINOR:C-G6
./repos/B-DOP-200-COT-2-1-chocolatine-james.gbetchedji/tests/test_arg.c:85: MINOR:C-L6
./repos/B-DOP-200-COT-2-1-chocolatine-james.gbetchedji/tests/test_arg.c:86: MINOR:C-G6
./repos/B-DOP-200-COT-2-1-chocolatine-james.gbetchedji/tests/test_arg.c:86: MINOR:C-L4
./repos/B-DOP-200-COT-2-1-chocolatine-james.gbetchedji/tests/test_err.c:1: MINOR:C-G1
./repos/B-DOP-200-COT-2-1-chocolatine-james.gbetchedji/tests/test_err.c:1: MINOR:C-G6
./repos/B-DOP-200-COT-2-1-chocolatine-james.gbetchedji/tests/test_err.c:2: MINOR:C-G6
./repos/B-DOP-200-COT-2-1-chocolatine-james.gbetchedji/tests/test_err.c:3: MINOR:C-G6
./repos/B-DOP-200-COT-2-1-chocolatine-james.gbetchedji/tests/test_err.c:4: MINOR:C-G6
./repos/B-DOP-200-COT-2-1-chocolatine-james.gbetchedji/tests/test_err.c:5: MINOR:C-G6
./repos/B-DOP-200-COT-2-1-chocolatine-james.gbetchedji/tests/test_err.c:6: MINOR:C-G6
./repos/B-DOP-200-COT-2-1-chocolatine-james.gbetchedji/tests/test_err.c:7: MINOR:C-F2
./repos/B-DOP-200-COT-2-1-chocolatine-james.gbetchedji/tests/test_err.c:7: MINOR:C-G6
./repos/B-DOP-200-COT-2-1-chocolatine-james.gbetchedji/tests/test_err.c:7: MINOR:C-L4
./repos/B-DOP-200-COT-2-1-chocolatine-james.gbetchedji/tests/test_err.c:8: MINOR:C-G6
./repos/B-DOP-200-COT-2-1-chocolatine-james.gbetchedji/tests/test_err.c:9: MINOR:C-G6
./repos/B-DOP-200-COT-2-1-chocolatine-james.gbetchedji/tests/test_err.c:9: MINOR:C-V3
./repos/B-DOP-200-COT-2-1-chocolatine-james.gbetchedji/tests/test_err.c:10: MINOR:C-G6
./repos/B-DOP-200-COT-2-1-chocolatine-james.gbetchedji/tests/test_err.c:11: MINOR:C-G6
./repos/B-DOP-200-COT-2-1-chocolatine-james.gbetchedji/tests/test_err.c:12: MINOR:C-G6
./repos/B-DOP-200-COT-2-1-chocolatine-james.gbetchedji/tests/test_err.c:12: MINOR:C-L6
./repos/B-DOP-200-COT-2-1-chocolatine-james.gbetchedji/tests/test_err.c:13: MINOR:C-G6
./repos/B-DOP-200-COT-2-1-chocolatine-james.gbetchedji/tests/test_err.c:13: MINOR:C-L4
./repos/B-DOP-200-COT-2-1-chocolatine-james.gbetchedji/tests/test_err.c:14: MINOR:C-G6
./repos/B-DOP-200-COT-2-1-chocolatine-james.gbetchedji/tests/test_err.c:15: MINOR:C-F2
./repos/B-DOP-200-COT-2-1-chocolatine-james.gbetchedji/tests/test_err.c:15: MINOR:C-G2
./repos/B-DOP-200-COT-2-1-chocolatine-james.gbetchedji/tests/test_err.c:15: MINOR:C-G6
./repos/B-DOP-200-COT-2-1-chocolatine-james.gbetchedji/tests/test_err.c:15: MINOR:C-L4
./repos/B-DOP-200-COT-2-1-chocolatine-james.gbetchedji/tests/test_err.c:16: MINOR:C-G6
./repos/B-DOP-200-COT-2-1-chocolatine-james.gbetchedji/tests/test_err.c:17: MINOR:C-G6
./repos/B-DOP-200-COT-2-1-chocolatine-james.gbetchedji/tests/test_err.c:17: MINOR:C-V3
./repos/B-DOP-200-COT-2-1-chocolatine-james.gbetchedji/tests/test_err.c:18: MINOR:C-G6
./repos/B-DOP-200-COT-2-1-chocolatine-james.gbetchedji/tests/test_err.c:19: MINOR:C-G6
./repos/B-DOP-200-COT-2-1-chocolatine-james.gbetchedji/tests/test_err.c:20: MINOR:C-G6
./repos/B-DOP-200-COT-2-1-chocolatine-james.gbetchedji/tests/test_err.c:20: MINOR:C-L6
./repos/B-DOP-200-COT-2-1-chocolatine-james.gbetchedji/tests/test_err.c:21: MINOR:C-G6
./repos/B-DOP-200-COT-2-1-chocolatine-james.gbetchedji/tests/test_err.c:21: MINOR:C-L4
./repos/B-DOP-200-COT-2-1-chocolatine-james.gbetchedji/tests/test_err.c:22: MINOR:C-G6
./repos/B-DOP-200-COT-2-1-chocolatine-james.gbetchedji/tests/test_err.c:23: MINOR:C-F2
./repos/B-DOP-200-COT-2-1-chocolatine-james.gbetchedji/tests/test_err.c:23: MINOR:C-G2
./repos/B-DOP-200-COT-2-1-chocolatine-james.gbetchedji/tests/test_err.c:23: MINOR:C-G6
./repos/B-DOP-200-COT-2-1-chocolatine-james.gbetchedji/tests/test_err.c:23: MINOR:C-L4
./repos/B-DOP-200-COT-2-1-chocolatine-james.gbetchedji/tests/test_err.c:24: MINOR:C-G6
./repos/B-DOP-200-COT-2-1-chocolatine-james.gbetchedji/tests/test_err.c:25: MINOR:C-G6
./repos/B-DOP-200-COT-2-1-chocolatine-james.gbetchedji/tests/test_err.c:25: MINOR:C-V3
./repos/B-DOP-200-COT-2-1-chocolatine-james.gbetchedji/tests/test_err.c:26: MINOR:C-G6
./repos/B-DOP-200-COT-2-1-chocolatine-james.gbetchedji/tests/test_err.c:27: MINOR:C-G6
./repos/B-DOP-200-COT-2-1-chocolatine-james.gbetchedji/tests/test_err.c:28: MINOR:C-G6
./repos/B-DOP-200-COT-2-1-chocolatine-james.gbetchedji/tests/test_err.c:28: MINOR:C-L6
./repos/B-DOP-200-COT-2-1-chocolatine-james.gbetchedji/tests/test_err.c:29: MINOR:C-G6
./repos/B-DOP-200-COT-2-1-chocolatine-james.gbetchedji/tests/test_err.c:29: MINOR:C-L4
./repos/B-DOP-200-COT-2-1-chocolatine-james.gbetchedji/tests/test_err.c:30: MINOR:C-G6
./repos/B-DOP-200-COT-2-1-chocolatine-james.gbetchedji/tests/test_err.c:31: MINOR:C-F2
./repos/B-DOP-200-COT-2-1-chocolatine-james.gbetchedji/tests/test_err.c:31: MINOR:C-G2
./repos/B-DOP-200-COT-2-1-chocolatine-james.gbetchedji/tests/test_err.c:31: MINOR:C-G6
./repos/B-DOP-200-COT-2-1-chocolatine-james.gbetchedji/tests/test_err.c:31: MINOR:C-L4
./repos/B-DOP-200-COT-2-1-chocolatine-james.gbetchedji/tests/test_err.c:32: MINOR:C-G6
./repos/B-DOP-200-COT-2-1-chocolatine-james.gbetchedji/tests/test_err.c:33: MINOR:C-G6
./repos/B-DOP-200-COT-2-1-chocolatine-james.gbetchedji/tests/test_err.c:33: MINOR:C-V3
./repos/B-DOP-200-COT-2-1-chocolatine-james.gbetchedji/tests/test_err.c:34: MINOR:C-G6
./repos/B-DOP-200-COT-2-1-chocolatine-james.gbetchedji/tests/test_err.c:35: MINOR:C-G6
./repos/B-DOP-200-COT-2-1-chocolatine-james.gbetchedji/tests/test_err.c:36: MINOR:C-G6
./repos/B-DOP-200-COT-2-1-chocolatine-james.gbetchedji/tests/test_err.c:36: MINOR:C-L6
./repos/B-DOP-200-COT-2-1-chocolatine-james.gbetchedji/tests/test_err.c:37: MINOR:C-G6
./repos/B-DOP-200-COT-2-1-chocolatine-james.gbetchedji/tests/test_err.c:37: MINOR:C-L4
./repos/B-DOP-200-COT-2-1-chocolatine-james.gbetchedji/tests/test_err.c:38: MINOR:C-G6
./repos/B-DOP-200-COT-2-1-chocolatine-james.gbetchedji/tests/test_err.c:39: MINOR:C-F2
./repos/B-DOP-200-COT-2-1-chocolatine-james.gbetchedji/tests/test_err.c:39: MINOR:C-G2
./repos/B-DOP-200-COT-2-1-chocolatine-james.gbetchedji/tests/test_err.c:39: MINOR:C-G6
./repos/B-DOP-200-COT-2-1-chocolatine-james.gbetchedji/tests/test_err.c:39: MINOR:C-L4
./repos/B-DOP-200-COT-2-1-chocolatine-james.gbetchedji/tests/test_err.c:40: MINOR:C-G6
./repos/B-DOP-200-COT-2-1-chocolatine-james.gbetchedji/tests/test_err.c:41: MAJOR:C-F3
./repos/B-DOP-200-COT-2-1-chocolatine-james.gbetchedji/tests/test_err.c:41: MINOR:C-G6
./repos/B-DOP-200-COT-2-1-chocolatine-james.gbetchedji/tests/test_err.c:41: MINOR:C-V3
./repos/B-DOP-200-COT-2-1-chocolatine-james.gbetchedji/tests/test_err.c:42: MINOR:C-G6
./repos/B-DOP-200-COT-2-1-chocolatine-james.gbetchedji/tests/test_err.c:43: MINOR:C-G6
./repos/B-DOP-200-COT-2-1-chocolatine-james.gbetchedji/tests/test_err.c:44: MINOR:C-G6
./repos/B-DOP-200-COT-2-1-chocolatine-james.gbetchedji/tests/test_err.c:44: MINOR:C-L6
./repos/B-DOP-200-COT-2-1-chocolatine-james.gbetchedji/tests/test_err.c:45: MINOR:C-G6
./repos/B-DOP-200-COT-2-1-chocolatine-james.gbetchedji/tests/test_err.c:45: MINOR:C-L4
./repos/B-DOP-200-COT-2-1-chocolatine-james.gbetchedji/tests/test_err1.c:1: MINOR:C-G1
./repos/B-DOP-200-COT-2-1-chocolatine-james.gbetchedji/tests/test_err1.c:1: MINOR:C-G6
./repos/B-DOP-200-COT-2-1-chocolatine-james.gbetchedji/tests/test_err1.c:2: MINOR:C-G6
./repos/B-DOP-200-COT-2-1-chocolatine-james.gbetchedji/tests/test_err1.c:3: MINOR:C-G6
./repos/B-DOP-200-COT-2-1-chocolatine-james.gbetchedji/tests/test_err1.c:4: MINOR:C-G6
./repos/B-DOP-200-COT-2-1-chocolatine-james.gbetchedji/tests/test_err1.c:5: MINOR:C-G6
./repos/B-DOP-200-COT-2-1-chocolatine-james.gbetchedji/tests/test_err1.c:6: MINOR:C-G6
./repos/B-DOP-200-COT-2-1-chocolatine-james.gbetchedji/tests/test_err1.c:7: MINOR:C-F2
./repos/B-DOP-200-COT-2-1-chocolatine-james.gbetchedji/tests/test_err1.c:7: MINOR:C-G6
./repos/B-DOP-200-COT-2-1-chocolatine-james.gbetchedji/tests/test_err1.c:7: MINOR:C-L4
./repos/B-DOP-200-COT-2-1-chocolatine-james.gbetchedji/tests/test_err1.c:8: MINOR:C-G6
./repos/B-DOP-200-COT-2-1-chocolatine-james.gbetchedji/tests/test_err1.c:9: MINOR:C-G6
./repos/B-DOP-200-COT-2-1-chocolatine-james.gbetchedji/tests/test_err1.c:9: MINOR:C-V3
./repos/B-DOP-200-COT-2-1-chocolatine-james.gbetchedji/tests/test_err1.c:10: MINOR:C-G6
./repos/B-DOP-200-COT-2-1-chocolatine-james.gbetchedji/tests/test_err1.c:11: MINOR:C-G6
./repos/B-DOP-200-COT-2-1-chocolatine-james.gbetchedji/tests/test_err1.c:12: MINOR:C-G6
./repos/B-DOP-200-COT-2-1-chocolatine-james.gbetchedji/tests/test_err1.c:12: MINOR:C-L6
./repos/B-DOP-200-COT-2-1-chocolatine-james.gbetchedji/tests/test_err1.c:13: MINOR:C-G6
./repos/B-DOP-200-COT-2-1-chocolatine-james.gbetchedji/tests/test_err1.c:13: MINOR:C-L4
./repos/B-DOP-200-COT-2-1-chocolatine-james.gbetchedji/tests/test_err1.c:14: MINOR:C-G6
./repos/B-DOP-200-COT-2-1-chocolatine-james.gbetchedji/tests/test_err1.c:15: MINOR:C-F2
./repos/B-DOP-200-COT-2-1-chocolatine-james.gbetchedji/tests/test_err1.c:15: MINOR:C-G2
./repos/B-DOP-200-COT-2-1-chocolatine-james.gbetchedji/tests/test_err1.c:15: MINOR:C-G6
./repos/B-DOP-200-COT-2-1-chocolatine-james.gbetchedji/tests/test_err1.c:15: MINOR:C-L4
./repos/B-DOP-200-COT-2-1-chocolatine-james.gbetchedji/tests/test_err1.c:16: MINOR:C-G6
./repos/B-DOP-200-COT-2-1-chocolatine-james.gbetchedji/tests/test_err1.c:17: MINOR:C-G6
./repos/B-DOP-200-COT-2-1-chocolatine-james.gbetchedji/tests/test_err1.c:17: MINOR:C-V3
./repos/B-DOP-200-COT-2-1-chocolatine-james.gbetchedji/tests/test_err1.c:18: MINOR:C-G6
./repos/B-DOP-200-COT-2-1-chocolatine-james.gbetchedji/tests/test_err1.c:19: MINOR:C-G6
./repos/B-DOP-200-COT-2-1-chocolatine-james.gbetchedji/tests/test_err1.c:20: MINOR:C-G6
./repos/B-DOP-200-COT-2-1-chocolatine-james.gbetchedji/tests/test_err1.c:20: MINOR:C-L6
./repos/B-DOP-200-COT-2-1-chocolatine-james.gbetchedji/tests/test_err1.c:21: MINOR:C-G6
./repos/B-DOP-200-COT-2-1-chocolatine-james.gbetchedji/tests/test_err1.c:21: MINOR:C-L4
./repos/B-DOP-200-COT-2-1-chocolatine-james.gbetchedji/tests/test_err1.c:22: MINOR:C-G6
./repos/B-DOP-200-COT-2-1-chocolatine-james.gbetchedji/tests/test_err1.c:23: MINOR:C-F2
./repos/B-DOP-200-COT-2-1-chocolatine-james.gbetchedji/tests/test_err1.c:23: MINOR:C-G2
./repos/B-DOP-200-COT-2-1-chocolatine-james.gbetchedji/tests/test_err1.c:23: MINOR:C-G6
./repos/B-DOP-200-COT-2-1-chocolatine-james.gbetchedji/tests/test_err1.c:23: MINOR:C-L4
./repos/B-DOP-200-COT-2-1-chocolatine-james.gbetchedji/tests/test_err1.c:24: MINOR:C-G6
./repos/B-DOP-200-COT-2-1-chocolatine-james.gbetchedji/tests/test_err1.c:25: MINOR:C-G6
./repos/B-DOP-200-COT-2-1-chocolatine-james.gbetchedji/tests/test_err1.c:25: MINOR:C-V3
./repos/B-DOP-200-COT-2-1-chocolatine-james.gbetchedji/tests/test_err1.c:26: MINOR:C-G6
./repos/B-DOP-200-COT-2-1-chocolatine-james.gbetchedji/tests/test_err1.c:27: MINOR:C-G6
./repos/B-DOP-200-COT-2-1-chocolatine-james.gbetchedji/tests/test_err1.c:28: MINOR:C-G6
./repos/B-DOP-200-COT-2-1-chocolatine-james.gbetchedji/tests/test_err1.c:28: MINOR:C-L6
./repos/B-DOP-200-COT-2-1-chocolatine-james.gbetchedji/tests/test_err1.c:29: MINOR:C-G6
./repos/B-DOP-200-COT-2-1-chocolatine-james.gbetchedji/tests/test_err1.c:29: MINOR:C-L4
./repos/B-DOP-200-COT-2-1-chocolatine-james.gbetchedji/tests/test_err1.c:30: MINOR:C-G6
./repos/B-DOP-200-COT-2-1-chocolatine-james.gbetchedji/tests/test_err1.c:31: MINOR:C-F2
./repos/B-DOP-200-COT-2-1-chocolatine-james.gbetchedji/tests/test_err1.c:31: MINOR:C-G2
./repos/B-DOP-200-COT-2-1-chocolatine-james.gbetchedji/tests/test_err1.c:31: MINOR:C-G6
./repos/B-DOP-200-COT-2-1-chocolatine-james.gbetchedji/tests/test_err1.c:31: MINOR:C-L4
./repos/B-DOP-200-COT-2-1-chocolatine-james.gbetchedji/tests/test_err1.c:32: MINOR:C-G6
./repos/B-DOP-200-COT-2-1-chocolatine-james.gbetchedji/tests/test_err1.c:33: MINOR:C-G6
./repos/B-DOP-200-COT-2-1-chocolatine-james.gbetchedji/tests/test_err1.c:33: MINOR:C-V3
./repos/B-DOP-200-COT-2-1-chocolatine-james.gbetchedji/tests/test_err1.c:34: MINOR:C-G6
./repos/B-DOP-200-COT-2-1-chocolatine-james.gbetchedji/tests/test_err1.c:35: MINOR:C-G6
./repos/B-DOP-200-COT-2-1-chocolatine-james.gbetchedji/tests/test_err1.c:36: MINOR:C-G6
./repos/B-DOP-200-COT-2-1-chocolatine-james.gbetchedji/tests/test_err1.c:36: MINOR:C-L6
./repos/B-DOP-200-COT-2-1-chocolatine-james.gbetchedji/tests/test_err1.c:37: MINOR:C-G6
./repos/B-DOP-200-COT-2-1-chocolatine-james.gbetchedji/tests/test_err1.c:37: MINOR:C-L4
./repos/B-DOP-200-COT-2-1-chocolatine-james.gbetchedji/tests/test_err1.c:38: MINOR:C-G6
./repos/B-DOP-200-COT-2-1-chocolatine-james.gbetchedji/tests/test_err1.c:39: MINOR:C-F2
./repos/B-DOP-200-COT-2-1-chocolatine-james.gbetchedji/tests/test_err1.c:39: MINOR:C-G2
./repos/B-DOP-200-COT-2-1-chocolatine-james.gbetchedji/tests/test_err1.c:39: MINOR:C-G6
./repos/B-DOP-200-COT-2-1-chocolatine-james.gbetchedji/tests/test_err1.c:39: MINOR:C-L4
./repos/B-DOP-200-COT-2-1-chocolatine-james.gbetchedji/tests/test_err1.c:40: MINOR:C-G6
./repos/B-DOP-200-COT-2-1-chocolatine-james.gbetchedji/tests/test_err1.c:41: MINOR:C-G6
./repos/B-DOP-200-COT-2-1-chocolatine-james.gbetchedji/tests/test_err1.c:41: MINOR:C-V3
./repos/B-DOP-200-COT-2-1-chocolatine-james.gbetchedji/tests/test_err1.c:42: MINOR:C-G6
./repos/B-DOP-200-COT-2-1-chocolatine-james.gbetchedji/tests/test_err1.c:43: MINOR:C-G6
./repos/B-DOP-200-COT-2-1-chocolatine-james.gbetchedji/tests/test_err1.c:44: MINOR:C-G6
./repos/B-DOP-200-COT-2-1-chocolatine-james.gbetchedji/tests/test_err1.c:44: MINOR:C-L6
./repos/B-DOP-200-COT-2-1-chocolatine-james.gbetchedji/tests/test_err1.c:45: INFO:C-A3
./repos/B-DOP-200-COT-2-1-chocolatine-james.gbetchedji/tests/test_err2.c:1: MINOR:C-G1
./repos/B-DOP-200-COT-2-1-chocolatine-james.gbetchedji/tests/test_err2.c:1: MINOR:C-G6
./repos/B-DOP-200-COT-2-1-chocolatine-james.gbetchedji/tests/test_err2.c:2: MINOR:C-G6
./repos/B-DOP-200-COT-2-1-chocolatine-james.gbetchedji/tests/test_err2.c:3: MINOR:C-G6
./repos/B-DOP-200-COT-2-1-chocolatine-james.gbetchedji/tests/test_err2.c:4: MINOR:C-G6
./repos/B-DOP-200-COT-2-1-chocolatine-james.gbetchedji/tests/test_err2.c:5: MINOR:C-G6
./repos/B-DOP-200-COT-2-1-chocolatine-james.gbetchedji/tests/test_err2.c:6: MINOR:C-G6
./repos/B-DOP-200-COT-2-1-chocolatine-james.gbetchedji/tests/test_err2.c:7: MINOR:C-F2
./repos/B-DOP-200-COT-2-1-chocolatine-james.gbetchedji/tests/test_err2.c:7: MINOR:C-G6
./repos/B-DOP-200-COT-2-1-chocolatine-james.gbetchedji/tests/test_err2.c:7: MINOR:C-L4
./repos/B-DOP-200-COT-2-1-chocolatine-james.gbetchedji/tests/test_err2.c:8: MINOR:C-G6
./repos/B-DOP-200-COT-2-1-chocolatine-james.gbetchedji/tests/test_err2.c:9: MINOR:C-G6
./repos/B-DOP-200-COT-2-1-chocolatine-james.gbetchedji/tests/test_err2.c:9: MINOR:C-V3
./repos/B-DOP-200-COT-2-1-chocolatine-james.gbetchedji/tests/test_err2.c:10: MINOR:C-G6
./repos/B-DOP-200-COT-2-1-chocolatine-james.gbetchedji/tests/test_err2.c:11: MINOR:C-G6
./repos/B-DOP-200-COT-2-1-chocolatine-james.gbetchedji/tests/test_err2.c:12: MINOR:C-G6
./repos/B-DOP-200-COT-2-1-chocolatine-james.gbetchedji/tests/test_err2.c:12: MINOR:C-L6
./repos/B-DOP-200-COT-2-1-chocolatine-james.gbetchedji/tests/test_err2.c:13: MINOR:C-G6
./repos/B-DOP-200-COT-2-1-chocolatine-james.gbetchedji/tests/test_err2.c:13: MINOR:C-L4
./repos/B-DOP-200-COT-2-1-chocolatine-james.gbetchedji/tests/test_err2.c:14: MINOR:C-G6
./repos/B-DOP-200-COT-2-1-chocolatine-james.gbetchedji/tests/test_err2.c:15: MINOR:C-F2
./repos/B-DOP-200-COT-2-1-chocolatine-james.gbetchedji/tests/test_err2.c:15: MINOR:C-G2
./repos/B-DOP-200-COT-2-1-chocolatine-james.gbetchedji/tests/test_err2.c:15: MINOR:C-G6
./repos/B-DOP-200-COT-2-1-chocolatine-james.gbetchedji/tests/test_err2.c:15: MINOR:C-L4
./repos/B-DOP-200-COT-2-1-chocolatine-james.gbetchedji/tests/test_err2.c:16: MINOR:C-G6
./repos/B-DOP-200-COT-2-1-chocolatine-james.gbetchedji/tests/test_err2.c:17: MINOR:C-G6
./repos/B-DOP-200-COT-2-1-chocolatine-james.gbetchedji/tests/test_err2.c:17: MINOR:C-V3
./repos/B-DOP-200-COT-2-1-chocolatine-james.gbetchedji/tests/test_err2.c:18: MINOR:C-G6
./repos/B-DOP-200-COT-2-1-chocolatine-james.gbetchedji/tests/test_err2.c:19: MINOR:C-G6
./repos/B-DOP-200-COT-2-1-chocolatine-james.gbetchedji/tests/test_err2.c:20: MINOR:C-G6
./repos/B-DOP-200-COT-2-1-chocolatine-james.gbetchedji/tests/test_err2.c:20: MINOR:C-L6
./repos/B-DOP-200-COT-2-1-chocolatine-james.gbetchedji/tests/test_err2.c:21: MINOR:C-G6
./repos/B-DOP-200-COT-2-1-chocolatine-james.gbetchedji/tests/test_err2.c:21: MINOR:C-L4
./repos/B-DOP-200-COT-2-1-chocolatine-james.gbetchedji/tests/test_err2.c:22: MINOR:C-G6
./repos/B-DOP-200-COT-2-1-chocolatine-james.gbetchedji/tests/test_err2.c:23: MINOR:C-F2
./repos/B-DOP-200-COT-2-1-chocolatine-james.gbetchedji/tests/test_err2.c:23: MINOR:C-G2
./repos/B-DOP-200-COT-2-1-chocolatine-james.gbetchedji/tests/test_err2.c:23: MINOR:C-G6
./repos/B-DOP-200-COT-2-1-chocolatine-james.gbetchedji/tests/test_err2.c:23: MINOR:C-L4
./repos/B-DOP-200-COT-2-1-chocolatine-james.gbetchedji/tests/test_err2.c:24: MINOR:C-G6
./repos/B-DOP-200-COT-2-1-chocolatine-james.gbetchedji/tests/test_err2.c:25: MINOR:C-G6
./repos/B-DOP-200-COT-2-1-chocolatine-james.gbetchedji/tests/test_err2.c:25: MINOR:C-V3
./repos/B-DOP-200-COT-2-1-chocolatine-james.gbetchedji/tests/test_err2.c:26: MINOR:C-G6
./repos/B-DOP-200-COT-2-1-chocolatine-james.gbetchedji/tests/test_err2.c:27: MINOR:C-G6
./repos/B-DOP-200-COT-2-1-chocolatine-james.gbetchedji/tests/test_err2.c:28: MINOR:C-G6
./repos/B-DOP-200-COT-2-1-chocolatine-james.gbetchedji/tests/test_err2.c:28: MINOR:C-L6
./repos/B-DOP-200-COT-2-1-chocolatine-james.gbetchedji/tests/test_err2.c:29: MINOR:C-G6
./repos/B-DOP-200-COT-2-1-chocolatine-james.gbetchedji/tests/test_err2.c:29: MINOR:C-L4
./repos/B-DOP-200-COT-2-1-chocolatine-james.gbetchedji/tests/test_err2.c:30: MINOR:C-G6
./repos/B-DOP-200-COT-2-1-chocolatine-james.gbetchedji/tests/test_err2.c:31: MINOR:C-F2
./repos/B-DOP-200-COT-2-1-chocolatine-james.gbetchedji/tests/test_err2.c:31: MINOR:C-G2
./repos/B-DOP-200-COT-2-1-chocolatine-james.gbetchedji/tests/test_err2.c:31: MINOR:C-G6
./repos/B-DOP-200-COT-2-1-chocolatine-james.gbetchedji/tests/test_err2.c:31: MINOR:C-L4
./repos/B-DOP-200-COT-2-1-chocolatine-james.gbetchedji/tests/test_err2.c:32: MINOR:C-G6
./repos/B-DOP-200-COT-2-1-chocolatine-james.gbetchedji/tests/test_err2.c:33: MINOR:C-G6
./repos/B-DOP-200-COT-2-1-chocolatine-james.gbetchedji/tests/test_err2.c:33: MINOR:C-V3
./repos/B-DOP-200-COT-2-1-chocolatine-james.gbetchedji/tests/test_err2.c:34: MINOR:C-G6
./repos/B-DOP-200-COT-2-1-chocolatine-james.gbetchedji/tests/test_err2.c:35: MINOR:C-G6
./repos/B-DOP-200-COT-2-1-chocolatine-james.gbetchedji/tests/test_err2.c:36: MINOR:C-G6
./repos/B-DOP-200-COT-2-1-chocolatine-james.gbetchedji/tests/test_err2.c:36: MINOR:C-L6
./repos/B-DOP-200-COT-2-1-chocolatine-james.gbetchedji/tests/test_err2.c:37: MINOR:C-G6
./repos/B-DOP-200-COT-2-1-chocolatine-james.gbetchedji/tests/test_err2.c:37: MINOR:C-L4
./repos/B-DOP-200-COT-2-1-chocolatine-james.gbetchedji/tests/test_err2.c:38: MINOR:C-G6
./repos/B-DOP-200-COT-2-1-chocolatine-james.gbetchedji/tests/test_err2.c:39: MINOR:C-F2
./repos/B-DOP-200-COT-2-1-chocolatine-james.gbetchedji/tests/test_err2.c:39: MINOR:C-G2
./repos/B-DOP-200-COT-2-1-chocolatine-james.gbetchedji/tests/test_err2.c:39: MINOR:C-G6
./repos/B-DOP-200-COT-2-1-chocolatine-james.gbetchedji/tests/test_err2.c:39: MINOR:C-L4
./repos/B-DOP-200-COT-2-1-chocolatine-james.gbetchedji/tests/test_err2.c:40: MINOR:C-G6
./repos/B-DOP-200-COT-2-1-chocolatine-james.gbetchedji/tests/test_err2.c:41: MINOR:C-G6
./repos/B-DOP-200-COT-2-1-chocolatine-james.gbetchedji/tests/test_err2.c:41: MINOR:C-V3
./repos/B-DOP-200-COT-2-1-chocolatine-james.gbetchedji/tests/test_err2.c:42: MINOR:C-G6
./repos/B-DOP-200-COT-2-1-chocolatine-james.gbetchedji/tests/test_err2.c:43: MINOR:C-G6
./repos/B-DOP-200-COT-2-1-chocolatine-james.gbetchedji/tests/test_err2.c:44: MINOR:C-G6
./repos/B-DOP-200-COT-2-1-chocolatine-james.gbetchedji/tests/test_err2.c:44: MINOR:C-L6
./repos/B-DOP-200-COT-2-1-chocolatine-james.gbetchedji/tests/test_err2.c:45: INFO:C-A3
./repos/B-DOP-200-COT-2-1-chocolatine-jean-baptiste.viossi/.git/config:12: illegal token in column 21, giving up (hint: fix the file or remove it from the working set)
./repos/B-DOP-200-COT-2-1-chocolatine-jean-baptiste.viossi/.git/hooks/update.sample:129: illegal token in column 11, giving up (hint: fix the file or remove it from the working set)
./repos/B-DOP-200-COT-2-1-chocolatine-jean-baptiste.viossi/src/child_process.c:11: MINOR:C-L6
./repos/B-DOP-200-COT-2-1-chocolatine-jean-baptiste.viossi/tests/tests.c:8: MINOR:C-F2
./repos/B-DOP-200-COT-2-1-chocolatine-jean-baptiste.viossi/tests/tests.c:12: MINOR:C-L6
./repos/B-DOP-200-COT-2-1-chocolatine-jean-baptiste.viossi/tests/tests.c:15: MINOR:C-F2
./repos/B-DOP-200-COT-2-1-chocolatine-jean-baptiste.viossi/tests/tests.c:19: MINOR:C-L6
./repos/B-DOP-200-COT-2-1-chocolatine-jean-baptiste.viossi/tests/tests.c:22: MINOR:C-F2
./repos/B-DOP-200-COT-2-1-chocolatine-jean-baptiste.viossi/tests/tests.c:26: MINOR:C-L6
./repos/B-DOP-200-COT-2-1-chocolatine-jean-baptiste.viossi/tests/tests.c:29: MINOR:C-F2
./repos/B-DOP-200-COT-2-1-chocolatine-jean-baptiste.viossi/tests/tests.c:34: MINOR:C-L6
./repos/B-DOP-200-COT-2-1-chocolatine-jean-baptiste.viossi/tests/tests.c:37: MINOR:C-F2
./repos/B-DOP-200-COT-2-1-chocolatine-jean-baptiste.viossi/tests/tests.c:41: MINOR:C-L6
./repos/B-DOP-200-COT-2-1-chocolatine-jean-baptiste.viossi/tests/tests.c:44: MINOR:C-F2
./repos/B-DOP-200-COT-2-1-chocolatine-jean-baptiste.viossi/tests/tests.c:44: MAJOR:C-O3
./repos/B-DOP-200-COT-2-1-chocolatine-jean-baptiste.viossi/tests/tests.c:48: MINOR:C-L6
./repos/B-DOP-200-COT-2-1-chocolatine-jean-baptiste.viossi/tests/tests.c:51: MINOR:C-F2
./repos/B-DOP-200-COT-2-1-chocolatine-jean-baptiste.viossi/tests/tests.c:51: MAJOR:C-O3
./repos/B-DOP-200-COT-2-1-chocolatine-jean-baptiste.viossi/tests/tests.c:55: MINOR:C-L6
./repos/B-DOP-200-COT-2-1-chocolatine-jean-baptiste.viossi/tests/tests.c:58: MINOR:C-F2
./repos/B-DOP-200-COT-2-1-chocolatine-jean-baptiste.viossi/tests/tests.c:58: MAJOR:C-O3
./repos/B-DOP-200-COT-2-1-chocolatine-jean-baptiste.viossi/tests/tests.c:62: MINOR:C-L6
./repos/B-DOP-200-COT-2-1-chocolatine-jean-baptiste.viossi/tests/tests.c:65: MINOR:C-F2
./repos/B-DOP-200-COT-2-1-chocolatine-jean-baptiste.viossi/tests/tests.c:65: MAJOR:C-O3
./repos/B-DOP-200-COT-2-1-chocolatine-jean-baptiste.viossi/tests/tests.c:69: MINOR:C-L6
./repos/B-DOP-200-COT-2-1-chocolatine-jean-baptiste.viossi/tests/tests.c:72: MINOR:C-F2
./repos/B-DOP-200-COT-2-1-chocolatine-jean-baptiste.viossi/tests/tests.c:72: MAJOR:C-O3
./repos/B-DOP-200-COT-2-1-chocolatine-jean-baptiste.viossi/tests/tests.c:75: MINOR:C-L6
./repos/B-DOP-200-COT-2-1-chocolatine-jean-baptiste.viossi/tests/tests.c:78: MINOR:C-F2
./repos/B-DOP-200-COT-2-1-chocolatine-jean-baptiste.viossi/tests/tests.c:78: MAJOR:C-O3
./repos/B-DOP-200-COT-2-1-chocolatine-jean-baptiste.viossi/tests/tests.c:81: MINOR:C-L6
./repos/B-DOP-200-COT-2-1-chocolatine-jean-baptiste.viossi/tests/tests.c:84: MINOR:C-F2
./repos/B-DOP-200-COT-2-1-chocolatine-jean-baptiste.viossi/tests/tests.c:84: MAJOR:C-O3
./repos/B-DOP-200-COT-2-1-chocolatine-jean-baptiste.viossi/tests/tests.c:87: MINOR:C-L6
./repos/B-DOP-200-COT-2-1-chocolatine-jean-baptiste.viossi/tests/tests.c:90: MINOR:C-F2
./repos/B-DOP-200-COT-2-1-chocolatine-jean-baptiste.viossi/tests/tests.c:90: MAJOR:C-O3
./repos/B-DOP-200-COT-2-1-chocolatine-jean-baptiste.viossi/tests/tests.c:96: MINOR:C-L6
./repos/B-DOP-200-COT-2-1-chocolatine-jean-baptiste.viossi/tests/tests.c:99: MINOR:C-F2
./repos/B-DOP-200-COT-2-1-chocolatine-jean-baptiste.viossi/tests/tests.c:99: MAJOR:C-O3
./repos/B-DOP-200-COT-2-1-chocolatine-jean-baptiste.viossi/tests/tests.c:105: MINOR:C-L6
./repos/B-DOP-200-COT-2-1-chocolatine-jean-baptiste.viossi/tests/tests.c:108: MINOR:C-F2
./repos/B-DOP-200-COT-2-1-chocolatine-jean-baptiste.viossi/tests/tests.c:108: MAJOR:C-O3
./repos/B-DOP-200-COT-2-1-chocolatine-jean-baptiste.viossi/tests/tests.c:114: MINOR:C-L6
./repos/B-DOP-200-COT-2-1-chocolatine-jean-baptiste.viossi/tests/tests.c:117: MINOR:C-F2
./repos/B-DOP-200-COT-2-1-chocolatine-jean-baptiste.viossi/tests/tests.c:117: MINOR:C-L4
./repos/B-DOP-200-COT-2-1-chocolatine-jean-baptiste.viossi/tests/tests.c:117: MAJOR:C-O3
./repos/B-DOP-200-COT-2-1-chocolatine-jean-baptiste.viossi/tests/tests.c:120: MINOR:C-L6
./repos/B-DOP-200-COT-2-1-chocolatine-jean-baptiste.viossi/tests/tests.c:123: MINOR:C-F2
./repos/B-DOP-200-COT-2-1-chocolatine-jean-baptiste.viossi/tests/tests.c:123: MINOR:C-L4
./repos/B-DOP-200-COT-2-1-chocolatine-jean-baptiste.viossi/tests/tests.c:123: MAJOR:C-O3
./repos/B-DOP-200-COT-2-1-chocolatine-jean-baptiste.viossi/tests/tests.c:126: MINOR:C-L6
./repos/B-DOP-200-COT-2-1-chocolatine-jean-baptiste.viossi/tests/tests.c:129: MINOR:C-F2
./repos/B-DOP-200-COT-2-1-chocolatine-jean-baptiste.viossi/tests/tests.c:129: MINOR:C-L4
./repos/B-DOP-200-COT-2-1-chocolatine-jean-baptiste.viossi/tests/tests.c:129: MAJOR:C-O3
./repos/B-DOP-200-COT-2-1-chocolatine-jean-baptiste.viossi/tests/tests.c:132: MINOR:C-L6
./repos/B-DOP-200-COT-2-1-chocolatine-jean-baptiste.viossi/tests/tests.c:135: MINOR:C-F2
./repos/B-DOP-200-COT-2-1-chocolatine-jean-baptiste.viossi/tests/tests.c:135: MINOR:C-L4
./repos/B-DOP-200-COT-2-1-chocolatine-jean-baptiste.viossi/tests/tests.c:135: MAJOR:C-O3
./repos/B-DOP-200-COT-2-1-chocolatine-jean-baptiste.viossi/tests/tests.c:138: MAJOR:C-F3
./repos/B-DOP-200-COT-2-1-chocolatine-jean-baptiste.viossi/tests/tests.c:138: MINOR:C-L6
./repos/B-DOP-200-COT-2-1-chocolatine-jean-baptiste.viossi/tests/tests.c:142: MINOR:C-F2
./repos/B-DOP-200-COT-2-1-chocolatine-jean-baptiste.viossi/tests/tests.c:142: MINOR:C-L4
./repos/B-DOP-200-COT-2-1-chocolatine-jean-baptiste.viossi/tests/tests.c:142: MAJOR:C-O3
./repos/B-DOP-200-COT-2-1-chocolatine-jean-baptiste.viossi/tests/tests.c:145: MAJOR:C-F3
./repos/B-DOP-200-COT-2-1-chocolatine-jean-baptiste.viossi/tests/tests.c:145: MINOR:C-L6
./repos/B-DOP-200-COT-2-1-chocolatine-jean-baptiste.viossi/tests/tests.c:149: MINOR:C-F2
./repos/B-DOP-200-COT-2-1-chocolatine-jean-baptiste.viossi/tests/tests.c:149: MINOR:C-L4
./repos/B-DOP-200-COT-2-1-chocolatine-jean-baptiste.viossi/tests/tests.c:149: MAJOR:C-O3
./repos/B-DOP-200-COT-2-1-chocolatine-jean-baptiste.viossi/tests/tests.c:152: MINOR:C-L6
./repos/B-DOP-200-COT-2-1-chocolatine-jordan.amouzoun/.git/config:12: illegal token in column 21, giving up (hint: fix the file or remove it from the working set)
./repos/B-DOP-200-COT-2-1-chocolatine-jordan.amouzoun/.git/hooks/update.sample:129: illegal token in column 11, giving up (hint: fix the file or remove it from the working set)
./repos/B-DOP-200-COT-2-1-chocolatine-jordan.amouzoun/Makefile:40: illegal token in column 22, giving up (hint: fix the file or remove it from the working set)
./repos/B-DOP-200-COT-2-1-chocolatine-jordan.amouzoun/src/error_case.c:11: MAJOR:C-F3
./repos/B-DOP-200-COT-2-1-chocolatine-jordan.amouzoun/src/error_case.c:14: MINOR:C-G7
./repos/B-DOP-200-COT-2-1-chocolatine-jordan.amouzoun/src/error_case.c:18: MAJOR:C-C1
./repos/B-DOP-200-COT-2-1-chocolatine-jordan.amouzoun/src/error_case.c:21: MAJOR:C-C1
./repos/B-DOP-200-COT-2-1-chocolatine-jordan.amouzoun/src/error_case.c:23: MAJOR:C-C1
./repos/B-DOP-200-COT-2-1-chocolatine-jordan.amouzoun/src/error_case.c:25: MAJOR:C-C1
./repos/B-DOP-200-COT-2-1-chocolatine-jordan.amouzoun/src/error_case.c:27: MAJOR:C-C1
./repos/B-DOP-200-COT-2-1-chocolatine-jordan.amouzoun/src/error_case.c:29: MAJOR:C-C1
./repos/B-DOP-200-COT-2-1-chocolatine-jordan.amouzoun/src/error_case.c:31: MAJOR:C-C1
./repos/B-DOP-200-COT-2-1-chocolatine-jordan.amouzoun/src/file_107.c:35: MAJOR:C-F4
./repos/B-DOP-200-COT-2-1-chocolatine-jordan.amouzoun/src/file_107.c:36: MAJOR:C-F4
./repos/B-DOP-200-COT-2-1-chocolatine-jordan.amouzoun/src/file_107.c:37: MAJOR:C-F4
./repos/B-DOP-200-COT-2-1-chocolatine-jordan.amouzoun/src/file_107.c:38: MAJOR:C-F4
./repos/B-DOP-200-COT-2-1-chocolatine-jordan.amouzoun/src/file_107.c:39: MAJOR:C-F4
./repos/B-DOP-200-COT-2-1-chocolatine-jordan.amouzoun/src/file_107.c:40: MAJOR:C-F4
./repos/B-DOP-200-COT-2-1-chocolatine-jordan.amouzoun/src/file_107.c:41: MAJOR:C-F4
./repos/B-DOP-200-COT-2-1-chocolatine-jordan.amouzoun/src/file_107.c:42: MAJOR:C-F4
./repos/B-DOP-200-COT-2-1-chocolatine-jordan.amouzoun/src/file_107.c:43: MAJOR:C-F4
./repos/B-DOP-200-COT-2-1-chocolatine-jordan.amouzoun/src/file_107.c:44: MAJOR:C-F4
./repos/B-DOP-200-COT-2-1-chocolatine-jordan.amouzoun/src/file_107.c:45: MAJOR:C-F4
./repos/B-DOP-200-COT-2-1-chocolatine-jordan.amouzoun/src/file_107.c:46: MAJOR:C-F4
./repos/B-DOP-200-COT-2-1-chocolatine-jordan.amouzoun/src/file_107.c:47: MAJOR:C-F4
./repos/B-DOP-200-COT-2-1-chocolatine-jordan.amouzoun/src/file_107.c:48: MAJOR:C-F4
./repos/B-DOP-200-COT-2-1-chocolatine-jordan.amouzoun/src/file_107.c:49: MAJOR:C-F4
./repos/B-DOP-200-COT-2-1-chocolatine-jordan.amouzoun/src/file_107.c:50: MAJOR:C-F4
./repos/B-DOP-200-COT-2-1-chocolatine-jordan.amouzoun/src/file_107.c:51: MAJOR:C-F4
./repos/B-DOP-200-COT-2-1-chocolatine-jordan.amouzoun/src/usage.c:1: MINOR:C-G1
./repos/B-DOP-200-COT-2-1-chocolatine-jordan.amouzoun/src/usage.c:7: MAJOR:C-F3
./repos/B-DOP-200-COT-2-1-chocolatine-jordan.amouzoun/src/usage.c:8: MAJOR:C-F3
./repos/B-DOP-200-COT-2-1-chocolatine-jordan.amouzoun/tests/tests.c:8: MINOR:C-F2
./repos/B-DOP-200-COT-2-1-chocolatine-jordan.amouzoun/tests/tests.c:16: MINOR:C-F2
./repos/B-DOP-200-COT-2-1-chocolatine-jordan.amouzoun/tests/tests.c:16: MINOR:C-G2
./repos/B-DOP-200-COT-2-1-chocolatine-jordan.amouzoun/tests/tests.c:18: MAJOR:C-L1
./repos/B-DOP-200-COT-2-1-chocolatine-jordan.amouzoun/tests/tests.c:22: MINOR:C-F2
./repos/B-DOP-200-COT-2-1-chocolatine-jordan.amouzoun/tests/tests.c:28: MINOR:C-F2
./repos/B-DOP-200-COT-2-1-chocolatine-jordan.amouzoun/tests/tests.c:32: MINOR:C-L6
./repos/B-DOP-200-COT-2-1-chocolatine-jordan.amouzoun/tests/tests.c:35: MINOR:C-F2
./repos/B-DOP-200-COT-2-1-chocolatine-jordan.amouzoun/tests/tests.c:39: MINOR:C-L6
./repos/B-DOP-200-COT-2-1-chocolatine-jordan.amouzoun/tests/tests.c:42: MINOR:C-F2
./repos/B-DOP-200-COT-2-1-chocolatine-jordan.amouzoun/tests/tests.c:42: MAJOR:C-O3
./repos/B-DOP-200-COT-2-1-chocolatine-jordan.amouzoun/tests/tests.c:46: MINOR:C-L6
./repos/B-DOP-200-COT-2-1-chocolatine-jordan.amouzoun/tests/tests.c:49: MINOR:C-F2
./repos/B-DOP-200-COT-2-1-chocolatine-jordan.amouzoun/tests/tests.c:49: MAJOR:C-O3
./repos/B-DOP-200-COT-2-1-chocolatine-jordan.amouzoun/tests/tests.c:53: MINOR:C-L6
./repos/B-DOP-200-COT-2-1-chocolatine-jordan.amouzoun/tests/tests.c:56: MINOR:C-F2
./repos/B-DOP-200-COT-2-1-chocolatine-jordan.amouzoun/tests/tests.c:56: MAJOR:C-O3
./repos/B-DOP-200-COT-2-1-chocolatine-jordan.amouzoun/tests/tests.c:60: MINOR:C-L6
./repos/B-DOP-200-COT-2-1-chocolatine-jordan.amouzoun/tests/tests.c:63: MINOR:C-F2
./repos/B-DOP-200-COT-2-1-chocolatine-jordan.amouzoun/tests/tests.c:63: MAJOR:C-O3
./repos/B-DOP-200-COT-2-1-chocolatine-jordan.amouzoun/tests/tests.c:67: MINOR:C-L6
./repos/B-DOP-200-COT-2-1-chocolatine-jordan.amouzoun/tests/tests.c:70: MINOR:C-F2
./repos/B-DOP-200-COT-2-1-chocolatine-jordan.amouzoun/tests/tests.c:70: MAJOR:C-O3
./repos/B-DOP-200-COT-2-1-chocolatine-jordan.amouzoun/tests/tests.c:74: MINOR:C-L6
./repos/B-DOP-200-COT-2-1-chocolatine-jordan.amouzoun/tests/tests.c:77: MINOR:C-F2
./repos/B-DOP-200-COT-2-1-chocolatine-jordan.amouzoun/tests/tests.c:77: MAJOR:C-O3
./repos/B-DOP-200-COT-2-1-chocolatine-jordan.amouzoun/tests/tests.c:81: MINOR:C-L6
./repos/B-DOP-200-COT-2-1-chocolatine-jordan.amouzoun/tests/tests.c:84: MINOR:C-F2
./repos/B-DOP-200-COT-2-1-chocolatine-jordan.amouzoun/tests/tests.c:84: MAJOR:C-O3
./repos/B-DOP-200-COT-2-1-chocolatine-jordan.amouzoun/tests/tests.c:88: MINOR:C-L6
./repos/B-DOP-200-COT-2-1-chocolatine-jordan.amouzoun/tests/tests.c:91: MINOR:C-F2
./repos/B-DOP-200-COT-2-1-chocolatine-jordan.amouzoun/tests/tests.c:91: MAJOR:C-O3
./repos/B-DOP-200-COT-2-1-chocolatine-jordan.amouzoun/tests/tests.c:95: MINOR:C-L6
./repos/B-DOP-200-COT-2-1-chocolatine-jordan.amouzoun/tests/tests.c:99: MINOR:C-F2
./repos/B-DOP-200-COT-2-1-chocolatine-jordan.amouzoun/tests/tests.c:99: MINOR:C-G2
./repos/B-DOP-200-COT-2-1-chocolatine-jordan.amouzoun/tests/tests.c:99: MAJOR:C-O3
./repos/B-DOP-200-COT-2-1-chocolatine-jordan.amouzoun/tests/tests.c:103: MINOR:C-L6
./repos/B-DOP-200-COT-2-1-chocolatine-jordan.amouzoun/tests/tests.c:106: MINOR:C-F2
./repos/B-DOP-200-COT-2-1-chocolatine-jordan.amouzoun/tests/tests.c:106: MAJOR:C-O3
./repos/B-DOP-200-COT-2-1-chocolatine-jordan.amouzoun/tests/tests.c:110: MINOR:C-L6
./repos/B-DOP-200-COT-2-1-chocolatine-jordan.amouzoun/tests/tests.c:113: MINOR:C-F2
./repos/B-DOP-200-COT-2-1-chocolatine-jordan.amouzoun/tests/tests.c:113: MAJOR:C-O3
./repos/B-DOP-200-COT-2-1-chocolatine-jordan.amouzoun/tests/tests.c:117: MINOR:C-L6
./repos/B-DOP-200-COT-2-1-chocolatine-jordan.amouzoun/tests/tests.c:120: MINOR:C-F2
./repos/B-DOP-200-COT-2-1-chocolatine-jordan.amouzoun/tests/tests.c:120: MAJOR:C-O3
./repos/B-DOP-200-COT-2-1-chocolatine-jordan.amouzoun/tests/tests.c:124: MINOR:C-L6
./repos/B-DOP-200-COT-2-1-chocolatine-jordan.amouzoun/tests/tests.c:127: MINOR:C-F2
./repos/B-DOP-200-COT-2-1-chocolatine-jordan.amouzoun/tests/tests.c:127: MAJOR:C-O3
./repos/B-DOP-200-COT-2-1-chocolatine-jordan.amouzoun/tests/tests.c:131: MINOR:C-L6
./repos/B-DOP-200-COT-2-1-chocolatine-jordan.amouzoun/tests/tests.c:134: MINOR:C-F2
./repos/B-DOP-200-COT-2-1-chocolatine-jordan.amouzoun/tests/tests.c:134: MAJOR:C-O3
./repos/B-DOP-200-COT-2-1-chocolatine-jordan.amouzoun/tests/tests.c:139: MINOR:C-L6
./repos/B-DOP-200-COT-2-1-chocolatine-jordan.amouzoun/tests/tests.c:142: MINOR:C-F2
./repos/B-DOP-200-COT-2-1-chocolatine-jordan.amouzoun/tests/tests.c:142: MAJOR:C-O3
./repos/B-DOP-200-COT-2-1-chocolatine-jordan.amouzoun/tests/tests.c:148: MINOR:C-L6
./repos/B-DOP-200-COT-2-1-chocolatine-jordan.amouzoun/tests/tests.c:152: MINOR:C-F2
./repos/B-DOP-200-COT-2-1-chocolatine-jordan.amouzoun/tests/tests.c:152: MINOR:C-G2
./repos/B-DOP-200-COT-2-1-chocolatine-jordan.amouzoun/tests/tests.c:152: MAJOR:C-O3
./repos/B-DOP-200-COT-2-1-chocolatine-jordan.amouzoun/tests/tests.c:154: MINOR:C-G7
./repos/B-DOP-200-COT-2-1-chocolatine-jordan.amouzoun/tests/tests.c:156: MINOR:C-L6
./repos/B-DOP-200-COT-2-1-chocolatine-juao.aifa/.git/config:12: illegal token in column 21, giving up (hint: fix the file or remove it from the working set)
./repos/B-DOP-200-COT-2-1-chocolatine-juao.aifa/.git/hooks/update.sample:129: illegal token in column 11, giving up (hint: fix the file or remove it from the working set)
./repos/B-DOP-200-COT-2-1-chocolatine-juao.aifa/tests/test1.c:12: MINOR:C-F2
./repos/B-DOP-200-COT-2-1-chocolatine-juao.aifa/tests/test1.c:17: MINOR:C-F2
./repos/B-DOP-200-COT-2-1-chocolatine-juao.aifa/tests/test1.c:20: INFO:C-A3
./repos/B-DOP-200-COT-2-1-chocolatine-julio.dahou/.git/config:12: illegal token in column 21, giving up (hint: fix the file or remove it from the working set)
./repos/B-DOP-200-COT-2-1-chocolatine-julio.dahou/.git/hooks/update.sample:129: illegal token in column 11, giving up (hint: fix the file or remove it from the working set)
./repos/B-DOP-200-COT-2-1-chocolatine-julio.dahou/101pong.c:1: MINOR:C-O4
./repos/B-DOP-200-COT-2-1-chocolatine-julio.dahou/101pong.c:27: MAJOR:C-F3
./repos/B-DOP-200-COT-2-1-chocolatine-julio.dahou/101pong.c:28: MAJOR:C-F3
./repos/B-DOP-200-COT-2-1-chocolatine-julio.dahou/101pong.c:41: MINOR:C-G7
./repos/B-DOP-200-COT-2-1-chocolatine-julio.dahou/101pong.c:43: MAJOR:C-F3
./repos/B-DOP-200-COT-2-1-chocolatine-julio.dahou/101pong.c:59: MAJOR:C-L5
./repos/B-DOP-200-COT-2-1-chocolatine-julio.dahou/101pong.c:60: MAJOR:C-L5
./repos/B-DOP-200-COT-2-1-chocolatine-julio.dahou/101pong.c:61: MAJOR:C-L5
./repos/B-DOP-200-COT-2-1-chocolatine-julio.dahou/101pong.c:62: MAJOR:C-L5
./repos/B-DOP-200-COT-2-1-chocolatine-julio.dahou/101pong.c:63: MAJOR:C-L5
./repos/B-DOP-200-COT-2-1-chocolatine-julio.dahou/101pong.c:64: MAJOR:C-L5
./repos/B-DOP-200-COT-2-1-chocolatine-julio.dahou/101pong.c:65: MAJOR:C-L5
./repos/B-DOP-200-COT-2-1-chocolatine-julio.dahou/101pong.c:66: MAJOR:C-L5
./repos/B-DOP-200-COT-2-1-chocolatine-julio.dahou/101pong.c:69: MINOR:C-L3
./repos/B-DOP-200-COT-2-1-chocolatine-julio.dahou/Makefile:1: MINOR:C-G1
./repos/B-DOP-200-COT-2-1-chocolatine-julio.dahou/case_error.c:23: MINOR:C-G7
./repos/B-DOP-200-COT-2-1-chocolatine-julio.dahou/case_error.c:25: MAJOR:C-C1
./repos/B-DOP-200-COT-2-1-chocolatine-julio.dahou/case_error.c:26: MAJOR:C-C1
./repos/B-DOP-200-COT-2-1-chocolatine-julio.dahou/case_error.c:27: MAJOR:C-C1
./repos/B-DOP-200-COT-2-1-chocolatine-julio.dahou/chocolatine.yml:87: illegal token in column 112, giving up (hint: fix the file or remove it from the working set)
./repos/B-DOP-200-COT-2-1-chocolatine-marien.olympio/.git/config:12: illegal token in column 21, giving up (hint: fix the file or remove it from the working set)
./repos/B-DOP-200-COT-2-1-chocolatine-marien.olympio/.git/hooks/update.sample:129: illegal token in column 11, giving up (hint: fix the file or remove it from the working set)
./repos/B-DOP-200-COT-2-1-chocolatine-michael.gbekan/.git/config:12: illegal token in column 21, giving up (hint: fix the file or remove it from the working set)
./repos/B-DOP-200-COT-2-1-chocolatine-michael.gbekan/.git/hooks/update.sample:129: illegal token in column 11, giving up (hint: fix the file or remove it from the working set)
./repos/B-DOP-200-COT-2-1-chocolatine-oscar.gbenou/.git/config:12: illegal token in column 21, giving up (hint: fix the file or remove it from the working set)
./repos/B-DOP-200-COT-2-1-chocolatine-oscar.gbenou/.git/hooks/update.sample:129: illegal token in column 11, giving up (hint: fix the file or remove it from the working set)
./repos/B-DOP-200-COT-2-1-chocolatine-oscar.gbenou/draw.c:1: MINOR:C-G1
./repos/B-DOP-200-COT-2-1-chocolatine-oscar.gbenou/main.c:1: MINOR:C-G1
./repos/B-DOP-200-COT-2-1-chocolatine-oscar.gbenou/my.h:19: MINOR:C-G7
./repos/B-DOP-200-COT-2-1-chocolatine-oscar.gbenou/tests/tests.c:10: MINOR:C-F2
./repos/B-DOP-200-COT-2-1-chocolatine-oscar.gbenou/tests/tests.c:15: MINOR:C-F2
./repos/B-DOP-200-COT-2-1-chocolatine-oscar.gbenou/tests/tests.c:20: MINOR:C-F2
./repos/B-DOP-200-COT-2-1-chocolatine-zacharie.kouadinou/.git/config:12: illegal token in column 21, giving up (hint: fix the file or remove it from the working set)
./repos/B-DOP-200-COT-2-1-chocolatine-zacharie.kouadinou/.git/hooks/update.sample:129: illegal token in column 11, giving up (hint: fix the file or remove it from the working set)
./repos/B-DOP-200-COT-2-1-chocolatine-zacharie.kouadinou/Makefile:43: illegal token in column 29, giving up (hint: fix the file or remove it from the working set)
./repos/B-DOP-200-COT-2-1-chocolatine-zacharie.kouadinou/Tests/Test/my_test.c:1: MINOR:C-G1
./repos/B-DOP-200-COT-2-1-chocolatine-zacharie.kouadinou/Tests/Test/my_test.c:4: MINOR:C-F2
./repos/B-DOP-200-COT-2-1-chocolatine-zacharie.kouadinou/Tests/Test/my_test.c:7: INFO:C-A3
./repos/B-DOP-200-COT-2-1-chocolatine-zacharie.kouadinou/mai.c:1: MINOR:C-G1
./repos/B-DOP-200-COT-2-1-chocolatine-zacharie.kouadinou/mai.c:5: MINOR:C-L2
./repos/B-DOP-200-COT-2-1-chocolatine-zacharie.kouadinou/mai.c:6: MINOR:C-L2
./repos/B-DOP-200-COT-2-1-chocolatine-zacharie.kouadinou/mai.c:6: MINOR:C-L6
./repos/B-DOP-200-COT-2-1-chocolatine-zacharie.kouadinou/mai.c:7: MINOR:C-L2
./repos/B-DOP-200-COT-2-1-chocolatine-zacharie.kouadinou/mai.c:8: MAJOR:C-F3
./repos/B-DOP-200-COT-2-1-chocolatine-zacharie.kouadinou/mai.c:8: MINOR:C-L2
./repos/B-DOP-200-COT-2-1-chocolatine-zacharie.kouadinou/mai.c:8: MINOR:C-L3
./repos/B-DOP-200-COT-2-1-chocolatine-zacharie.kouadinou/mai.c:9: MINOR:C-L2
./repos/B-DOP-200-COT-2-1-chocolatine-zacharie.kouadinou/mai.c:10: MINOR:C-L2
./repos/B-DOP-200-COT-2-1-chocolatine-zacharie.kouadinou/mai.c:11: MINOR:C-L2
./repos/B-DOP-200-COT-2-1-chocolatine-zacharie.kouadinou/mai.c:12: MAJOR:C-C1
./repos/B-DOP-200-COT-2-1-chocolatine-zacharie.kouadinou/mai.c:13: MINOR:C-L2
./repos/B-DOP-200-COT-2-1-chocolatine-zacharie.kouadinou/main.c:29: MINOR:C-V3
./repos/B-DOP-200-COT-2-1-chocolatine-zacharie.kouadinou/main.c:43: MAJOR:C-L1
./repos/B-DOP-200-COT-2-1-chocolatine-zacharie.kouadinou/main.c:46: MINOR:C-L6
./repos/B-DOP-200-COT-2-1-chocolatine-zacharie.kouadinou/main.c:49: MAJOR:C-L5
./repos/B-DOP-200-COT-2-1-chocolatine-zacharie.kouadinou/main.c:51: MAJOR:C-L5
./repos/B-DOP-200-COT-2-1-chocolatine-zacharie.kouadinou/main.c:52: MAJOR:C-L5
./repos/B-DOP-200-COT-2-1-chocolatine-zacharie.kouadinou/main.c:64: MAJOR:C-L5
./repos/B-DOP-200-COT-2-1-chocolatine-zacharie.kouadinou/main.c:74: MINOR:C-L6
./repos/B-DOP-200-COT-2-1-chocolatine-zacharie.kouadinou/main.c:76: MAJOR:C-L1
./repos/B-DOP-200-COT-2-1-chocolatine-zacharie.kouadinou/main.c:77: MINOR:C-L2
./repos/B-DOP-200-COT-2-1-chocolatine-zacharie.kouadinou/main.c:79: MAJOR:C-L5
./repos/B-DOP-200-COT-2-1-chocolatine-zacharie.kouadinou/main.c:80: MAJOR:C-L1
./repos/B-DOP-200-COT-2-1-chocolatine-zacharie.kouadinou/main.c:81: MINOR:C-L2
./repos/B-DOP-200-COT-2-1-chocolatine-zacharie.kouadinou/main.c:83: MAJOR:C-L5
./repos/B-DOP-200-COT-2-1-chocolatine-zacharie.kouadinou/main.c:84: MAJOR:C-F4
./repos/B-DOP-200-COT-2-1-chocolatine-zacharie.kouadinou/main.c:84: MAJOR:C-L5
./repos/B-DOP-200-COT-2-1-chocolatine-zacharie.kouadinou/main.c:85: MAJOR:C-F4
./repos/B-DOP-200-COT-2-1-chocolatine-zacharie.kouadinou/main.c:86: MAJOR:C-F4
./repos/B-DOP-200-COT-2-1-chocolatine-zacharie.kouadinou/main.c:87: MAJOR:C-F4
./repos/B-DOP-200-COT-2-1-chocolatine-zacharie.kouadinou/main.c:88: MAJOR:C-F4
./repos/B-DOP-200-COT-2-1-chocolatine-zacharie.kouadinou/main.c:89: MAJOR:C-F4
./repos/B-DOP-200-COT-2-1-chocolatine-zacharie.kouadinou/main.c:90: MAJOR:C-F4
./repos/B-DOP-200-COT-2-1-chocolatine-zacharie.kouadinou/main.c:91: MAJOR:C-F4
./repos/B-DOP-200-COT-2-1-chocolatine-zacharie.kouadinou/main.c:94: MINOR:C-G8
./repos/B-DOP-200-COT-2-1-chocolatine-zacharie.kouadinou/usage.o:1: MAJOR:C-O1
./src/check_error.c:14: MAJOR:C-C1
./src/check_error.c:22: MAJOR:C-F6
./src/check_error.c:28: INFO:C-A3
./src/main.c:15: MINOR:C-L3
./src/main.c:16: MAJOR:C-L5
./src/main.c:17: MAJOR:C-L5
./src/main.c:21: MINOR:C-L3
./src/main.c:23: INFO:C-A3
./src/printer.c:10: MAJOR:C-F6
./src/printer.c:10: MINOR:C-L4
./src/printer.c:11: MAJOR:C-F3
./src/printer.c:14: MINOR:C-L4
./src/printer.c:20: MAJOR:C-L1
./src/printer.c:20: MINOR:C-L4
./src/printer.c:25: MAJOR:C-L1
./src/printer.c:25: MINOR:C-L4
./src/printer.c:28: MINOR:C-L4
./src/printer.c:30: MINOR:C-L3
./src/printer.c:32: MAJOR:C-L1
./src/printer.c:32: MINOR:C-L3
./src/printer.c:33: MAJOR:C-L1
./src/printer.c:33: MINOR:C-L4
./src/printer.c:36: MINOR:C-F2
./src/printer.c:36: MINOR:C-L4
./src/printer.c:45: MINOR:C-L4
./src/printer.c:53: INFO:C-A3
./src/prop_law.c:21: MINOR:C-L3
./src/prop_law.c:28: MINOR:C-L6
./src/prop_law.c:35: MINOR:C-G2
./src/prop_law.c:38: MINOR:C-L6
./src/prop_law.c:47: MINOR:C-L6
./src/prop_law.c:49: MAJOR:C-C1
./src/prop_law.c:49: MINOR:C-L3
./src/prop_law.c:57: MINOR:C-F2
./src/prop_law.c:60: MINOR:C-L3
./src/prop_law.c:60: MINOR:C-L6
./src/prop_law.c:61: MINOR:C-L3
./src/prop_law.c:68: MINOR:C-F2
./src/prop_law.c:68: MAJOR:C-O3
./src/prop_law.c:71: MINOR:C-L6
./src/prop_law.c:72: MINOR:C-L3
./src/prop_law.c:79: MINOR:C-F2
./src/prop_law.c:79: MAJOR:C-O3
./src/prop_law.c:82: MINOR:C-L3
./src/prop_law.c:82: MINOR:C-L6
./src/prop_law.c:88: MINOR:C-F2
./src/prop_law.c:88: MAJOR:C-O3
./src/prop_law.c:93: MINOR:C-L3
./src/prop_law.c:93: MINOR:C-L6
./src/prop_law.c:94: MINOR:C-L3
./src/prop_law.c:95: MINOR:C-L3
./src/prop_law.c:98: MINOR:C-L3
./src/prop_law.c:102: MINOR:C-F2
./src/prop_law.c:102: MAJOR:C-O3
./src/prop_law.c:105: MINOR:C-L3
./src/prop_law.c:107: MINOR:C-L6
./src/prop_law.c:108: MINOR:C-L3
./src/prop_law.c:109: MINOR:C-L3
./src/prop_law.c:116: MINOR:C-F2
./src/prop_law.c:116: MAJOR:C-O3
./src/prop_law.c:121: MINOR:C-L3
./src/prop_law.c:121: MINOR:C-L6
./src/prop_law.c:122: MINOR:C-L3
./src/prop_law.c:128: MINOR:C-G8
